Log file open, 11/20/19 09:47:00
LogWindows: Failed to load 'aqProf.dll' (GetLastError=126)
LogWindows: File 'aqProf.dll' does not exist
LogWindows: Failed to load 'VtuneApi.dll' (GetLastError=126)
LogWindows: File 'VtuneApi.dll' does not exist
LogWindows: Failed to load 'VtuneApi32e.dll' (GetLastError=126)
LogWindows: File 'VtuneApi32e.dll' does not exist
LogConsoleResponse: Display: Failed to find resolution value strings in scalability ini. Falling back to default.
LogInit: Display: Running engine for game: BananaCollector
LogPakFile: Registered encryption key '00000000000000000000000000000000': 0 pak files mounted, 0 remain pending
LogPlatformFile: Not using cached read wrapper
LogTaskGraph: Started task graph with 5 named threads and 14 total threads with 3 sets of task threads.
LogStats: Stats thread started at 0.206940
LogD3D11RHI: Loaded GFSDK_Aftermath_Lib.x64.dll
LogICUInternationalization: ICU TimeZone Detection - Raw Offset: +0:00, Platform Override: ''
LogPluginManager: Mounting plugin Paper2D
LogPluginManager: Mounting plugin AISupport
LogPluginManager: Mounting plugin LightPropagationVolume
LogPluginManager: Mounting plugin ActorLayerUtilities
LogPluginManager: Mounting plugin AnimationSharing
LogPluginManager: Mounting plugin CLionSourceCodeAccess
LogPluginManager: Mounting plugin CodeLiteSourceCodeAccess
LogPluginManager: Mounting plugin GitSourceControl
LogPluginManager: Mounting plugin KDevelopSourceCodeAccess
LogPluginManager: Mounting plugin NullSourceCodeAccess
LogPluginManager: Mounting plugin PerforceSourceControl
LogPluginManager: Mounting plugin SubversionSourceControl
LogPluginManager: Mounting plugin UObjectPlugin
LogPluginManager: Mounting plugin VisualStudioCodeSourceCodeAccess
LogPluginManager: Mounting plugin VisualStudioSourceCodeAccess
LogPluginManager: Mounting plugin XCodeSourceCodeAccess
LogPluginManager: Mounting plugin AssetManagerEditor
LogPluginManager: Mounting plugin CryptoKeys
LogPluginManager: Mounting plugin DataValidation
LogPluginManager: Mounting plugin FacialAnimation
LogPluginManager: Mounting plugin GameplayTagsEditor
LogPluginManager: Mounting plugin MacGraphicsSwitching
LogPluginManager: Mounting plugin MaterialAnalyzer
LogPluginManager: Mounting plugin MobileLauncherProfileWizard
LogPluginManager: Mounting plugin PluginBrowser
LogPluginManager: Mounting plugin SpeedTreeImporter
LogPluginManager: Mounting plugin DatasmithContent
LogPluginManager: Mounting plugin VariantManagerContent
LogPluginManager: Mounting plugin AlembicImporter
LogPluginManager: Mounting plugin AppleImageUtils
LogPluginManager: Mounting plugin AppleVision
LogPluginManager: Mounting plugin BackChannel
LogPluginManager: Mounting plugin CharacterAI
LogPluginManager: Mounting plugin GeometryCache
LogPluginManager: Mounting plugin HTML5Networking
LogPluginManager: Mounting plugin ProxyLODPlugin
LogPluginManager: Mounting plugin SkeletalReduction
LogPluginManager: Mounting plugin MagicLeap
LogPluginManager: Mounting plugin MagicLeapMedia
LogPluginManager: Mounting plugin AndroidMedia
LogPluginManager: Mounting plugin AvfMedia
LogPluginManager: Mounting plugin ImgMedia
LogPluginManager: Mounting plugin LinearTimecode
LogPluginManager: Mounting plugin MediaCompositing
LogPluginManager: Mounting plugin MediaPlayerEditor
LogPluginManager: Mounting plugin WebMMedia
LogPluginManager: Mounting plugin WmfMedia
LogPluginManager: Mounting plugin TcpMessaging
LogPluginManager: Mounting plugin UdpMessaging
LogPluginManager: Mounting plugin ActorSequence
LogPluginManager: Mounting plugin LevelSequenceEditor
LogPluginManager: Mounting plugin MatineeToLevelSequence
LogPluginManager: Mounting plugin NetcodeUnitTest
LogPluginManager: Mounting plugin NUTUnrealEngine4
LogPluginManager: Mounting plugin OnlineSubsystemGooglePlay
LogPluginManager: Mounting plugin OnlineSubsystemIOS
LogPluginManager: Mounting plugin OnlineSubsystem
LogPluginManager: Mounting plugin OnlineSubsystemNull
LogPluginManager: Mounting plugin OnlineSubsystemUtils
LogPluginManager: Mounting plugin LauncherChunkInstaller
LogPluginManager: Mounting plugin AndroidDeviceProfileSelector
LogPluginManager: Mounting plugin AndroidMoviePlayer
LogPluginManager: Mounting plugin AndroidPermission
LogPluginManager: Mounting plugin AppleMoviePlayer
LogPluginManager: Mounting plugin ArchVisCharacter
LogPluginManager: Mounting plugin AudioCapture
LogPluginManager: Mounting plugin CableComponent
LogPluginManager: Mounting plugin CustomMeshComponent
LogPluginManager: Mounting plugin EditableMesh
LogPluginManager: Mounting plugin ExampleDeviceProfileSelector
LogPluginManager: Mounting plugin Firebase
LogPluginManager: Mounting plugin GoogleCloudMessaging
LogPluginManager: Mounting plugin IOSDeviceProfileSelector
LogPluginManager: Mounting plugin LinuxDeviceProfileSelector
LogPluginManager: Mounting plugin LocationServicesBPLibrary
LogPluginManager: Mounting plugin MobilePatchingUtils
LogPluginManager: Mounting plugin OculusVR
LogPluginManager: Mounting plugin PhysXVehicles
LogPluginManager: Mounting plugin ProceduralMeshComponent
LogPluginManager: Mounting plugin RuntimePhysXCooking
LogPluginManager: Mounting plugin SignificanceManager
LogPluginManager: Mounting plugin SteamVR
LogPluginManager: Mounting plugin WebMMoviePlayer
LogPluginManager: Mounting plugin WindowsMoviePlayer
LogInit: Using libcurl 7.55.1-DEV
LogInit:  - built for x86_64-pc-win32
LogInit:  - supports SSL with OpenSSL/1.1.1
LogInit:  - supports HTTP deflate (compression) using libz 1.2.8
LogInit:  - other features:
LogInit:      CURL_VERSION_SSL
LogInit:      CURL_VERSION_LIBZ
LogInit:      CURL_VERSION_IPV6
LogInit:      CURL_VERSION_ASYNCHDNS
LogInit:      CURL_VERSION_LARGEFILE
LogInit:      CURL_VERSION_IDN
LogInit:  CurlRequestOptions (configurable via config and command line):
LogInit:  - bVerifyPeer = true  - Libcurl will verify peer certificate
LogInit:  - bUseHttpProxy = false  - Libcurl will NOT use HTTP proxy
LogInit:  - bDontReuseConnections = false  - Libcurl will reuse connections
LogInit:  - MaxHostConnections = 16  - Libcurl will limit the number of connections to a host
LogInit:  - LocalHostAddr = Default
LogInit:  - BufferSize = 65536
LogInit: WinSock: version 1.1 (2.2), MaxSocks=32767, MaxUdp=65467
LogInit: Build: ++UE4+Release-4.22-CL-7053642
LogInit: Engine Version: 4.22.3-7053642+++UE4+Release-4.22
LogInit: Compatible Engine Version: 4.22.0-5660361+++UE4+Release-4.22
LogInit: Net CL: 5660361
LogInit: OS: Windows 10 (Release 1809) (), CPU: Intel(R) Core(TM) i5-7400 CPU @ 3.00GHz, GPU: NVIDIA GeForce GTX 1050 Ti
LogInit: Compiled (64-bit): Jun 18 2019 03:09:11
LogInit: Compiled with Visual C++: 19.16.27025.01
LogInit: Build Configuration: Development
LogInit: Branch Name: ++UE4+Release-4.22
LogInit: Command Line: 
LogInit: Base Directory: C:/Program Files/Epic Games/UE_4.22/Engine/Binaries/Win64/
LogInit: Installed Engine Build: 1
LogDevObjectVersion: Number of dev versions registered: 23
LogDevObjectVersion:   Dev-Blueprints (B0D832E4-1F89-4F0D-ACCF-7EB736FD4AA2): 10
LogDevObjectVersion:   Dev-Build (E1C64328-A22C-4D53-A36C-8E866417BD8C): 0
LogDevObjectVersion:   Dev-Core (375EC13C-06E4-48FB-B500-84F0262A717E): 3
LogDevObjectVersion:   Dev-Editor (E4B068ED-F494-42E9-A231-DA0B2E46BB41): 30
LogDevObjectVersion:   Dev-Framework (CFFC743F-43B0-4480-9391-14DF171D2073): 35
LogDevObjectVersion:   Dev-Mobile (B02B49B5-BB20-44E9-A304-32B752E40360): 2
LogDevObjectVersion:   Dev-Networking (A4E4105C-59A1-49B5-A7C5-40C4547EDFEE): 0
LogDevObjectVersion:   Dev-Online (39C831C9-5AE6-47DC-9A44-9C173E1C8E7C): 0
LogDevObjectVersion:   Dev-Physics (78F01B33-EBEA-4F98-B9B4-84EACCB95AA2): 0
LogDevObjectVersion:   Dev-Platform (6631380F-2D4D-43E0-8009-CF276956A95A): 0
LogDevObjectVersion:   Dev-Rendering (12F88B9F-8875-4AFC-A67C-D90C383ABD29): 28
LogDevObjectVersion:   Dev-Sequencer (7B5AE74C-D270-4C10-A958-57980B212A5A): 11
LogDevObjectVersion:   Dev-VR (D7296918-1DD6-4BDD-9DE2-64A83CC13884): 2
LogDevObjectVersion:   Dev-LoadTimes (C2A15278-BFE7-4AFE-6C17-90FF531DF755): 1
LogDevObjectVersion:   Private-Geometry (6EACA3D4-40EC-4CC1-B786-8BED09428FC5): 3
LogDevObjectVersion:   Dev-AnimPhys (29E575DD-E0A3-4627-9D10-D276232CDCEA): 17
LogDevObjectVersion:   Dev-Anim (AF43A65D-7FD3-4947-9873-3E8ED9C1BB05): 2
LogDevObjectVersion:   Dev-ReflectionCapture (6B266CEC-1EC7-4B8F-A30B-E4D90942FC07): 1
LogDevObjectVersion:   Dev-Automation (0DF73D61-A23F-47EA-B727-89E90C41499A): 1
LogDevObjectVersion:   FortniteMain (601D1886-AC64-4F84-AA16-D3DE0DEAC7D6): 25
LogDevObjectVersion:   Dev-Enterprise (9DFFBCD6-494F-0158-E221-12823C92A888): 6
LogDevObjectVersion:   Dev-Niagara (F2AED0AC-9AFE-416F-8664-AA7FFA26D6FC): 1
LogDevObjectVersion:   Dev-Destruction (174F1F0B-B4C6-45A5-B13F-2EE8D0FB917D): 2
LogInit: Presizing for max 16777216 objects, including 0 objects not considered by GC, pre-allocating 0 bytes for permanent pool.
LogInit: Object subsystem initialized
LogConfig: Setting CVar [[con.DebugEarlyDefault:1]]
LogConfig: Setting CVar [[r.setres:1280x720]]
[2019.11.20-09.47.00:948][  0]LogConfig: Setting CVar [[r.VSync:0]]
[2019.11.20-09.47.00:948][  0]LogConfig: Setting CVar [[r.RHICmdBypass:0]]
[2019.11.20-09.47.00:948][  0]LogConfig: Applying CVar settings from Section [/Script/Engine.RendererSettings] File [D:/comp280-worksheet-3/BananaCollectorStarter/BananaCollectorStarter 4.22/Saved/Config/Windows/Engine.ini]
[2019.11.20-09.47.00:948][  0]LogConfig: Setting CVar [[r.GPUCrashDebugging:0]]
[2019.11.20-09.47.00:948][  0]LogConfig: Applying CVar settings from Section [/Script/Engine.RendererOverrideSettings] File [D:/comp280-worksheet-3/BananaCollectorStarter/BananaCollectorStarter 4.22/Saved/Config/Windows/Engine.ini]
[2019.11.20-09.47.00:948][  0]LogConfig: Applying CVar settings from Section [/Script/Engine.StreamingSettings] File [D:/comp280-worksheet-3/BananaCollectorStarter/BananaCollectorStarter 4.22/Saved/Config/Windows/Engine.ini]
[2019.11.20-09.47.00:948][  0]LogConfig: Setting CVar [[s.MinBulkDataSizeForAsyncLoading:131072]]
[2019.11.20-09.47.00:949][  0]LogConfig: Setting CVar [[s.AsyncLoadingThreadEnabled:0]]
[2019.11.20-09.47.00:949][  0]LogConfig: Setting CVar [[s.EventDrivenLoaderEnabled:1]]
[2019.11.20-09.47.00:949][  0]LogConfig: Setting CVar [[s.WarnIfTimeLimitExceeded:0]]
[2019.11.20-09.47.00:949][  0]LogConfig: Setting CVar [[s.TimeLimitExceededMultiplier:1.5]]
[2019.11.20-09.47.00:949][  0]LogConfig: Setting CVar [[s.TimeLimitExceededMinTime:0.005]]
[2019.11.20-09.47.00:949][  0]LogConfig: Setting CVar [[s.UseBackgroundLevelStreaming:1]]
[2019.11.20-09.47.00:949][  0]LogConfig: Setting CVar [[s.PriorityAsyncLoadingExtraTime:15.0]]
[2019.11.20-09.47.00:949][  0]LogConfig: Setting CVar [[s.LevelStreamingActorsUpdateTimeLimit:5.0]]
[2019.11.20-09.47.00:949][  0]LogConfig: Setting CVar [[s.PriorityLevelStreamingActorsUpdateExtraTime:5.0]]
[2019.11.20-09.47.00:949][  0]LogConfig: Setting CVar [[s.LevelStreamingComponentsRegistrationGranularity:10]]
[2019.11.20-09.47.00:949][  0]LogConfig: Setting CVar [[s.UnregisterComponentsTimeLimit:1.0]]
[2019.11.20-09.47.00:949][  0]LogConfig: Setting CVar [[s.LevelStreamingComponentsUnregistrationGranularity:5]]
[2019.11.20-09.47.00:949][  0]LogConfig: Applying CVar settings from Section [/Script/Engine.GarbageCollectionSettings] File [D:/comp280-worksheet-3/BananaCollectorStarter/BananaCollectorStarter 4.22/Saved/Config/Windows/Engine.ini]
[2019.11.20-09.47.00:949][  0]LogConfig: Setting CVar [[gc.MaxObjectsNotConsideredByGC:1]]
[2019.11.20-09.47.00:949][  0]LogConfig: Setting CVar [[gc.SizeOfPermanentObjectPool:0]]
[2019.11.20-09.47.00:949][  0]LogConfig: Setting CVar [[gc.FlushStreamingOnGC:0]]
[2019.11.20-09.47.00:949][  0]LogConfig: Setting CVar [[gc.NumRetriesBeforeForcingGC:10]]
[2019.11.20-09.47.00:949][  0]LogConfig: Setting CVar [[gc.AllowParallelGC:1]]
[2019.11.20-09.47.00:949][  0]LogConfig: Setting CVar [[gc.TimeBetweenPurgingPendingKillObjects:61.1]]
[2019.11.20-09.47.00:949][  0]LogConfig: Setting CVar [[gc.MaxObjectsInEditor:16777216]]
[2019.11.20-09.47.00:949][  0]LogConfig: Setting CVar [[gc.IncrementalBeginDestroyEnabled:1]]
[2019.11.20-09.47.00:949][  0]LogConfig: Setting CVar [[gc.CreateGCClusters:1]]
[2019.11.20-09.47.00:949][  0]LogConfig: Setting CVar [[gc.MinGCClusterSize:5]]
[2019.11.20-09.47.00:949][  0]LogConfig: Setting CVar [[gc.ActorClusteringEnabled:0]]
[2019.11.20-09.47.00:949][  0]LogConfig: Setting CVar [[gc.BlueprintClusteringEnabled:0]]
[2019.11.20-09.47.00:949][  0]LogConfig: Setting CVar [[gc.UseDisregardForGCOnDedicatedServers:0]]
[2019.11.20-09.47.00:949][  0]LogConfig: Applying CVar settings from Section [/Script/Engine.NetworkSettings] File [D:/comp280-worksheet-3/BananaCollectorStarter/BananaCollectorStarter 4.22/Saved/Config/Windows/Engine.ini]
[2019.11.20-09.47.00:949][  0]LogConfig: Applying CVar settings from Section [/Script/UnrealEd.CookerSettings] File [D:/comp280-worksheet-3/BananaCollectorStarter/BananaCollectorStarter 4.22/Saved/Config/Windows/Engine.ini]
[2019.11.20-09.47.00:953][  0]LogConfig: Applying CVar settings from Section [ViewDistanceQuality@3] File [D:/comp280-worksheet-3/BananaCollectorStarter/BananaCollectorStarter 4.22/Saved/Config/Windows/Scalability.ini]
[2019.11.20-09.47.00:954][  0]LogConfig: Setting CVar [[r.SkeletalMeshLODBias:0]]
[2019.11.20-09.47.00:954][  0]LogConfig: Setting CVar [[r.ViewDistanceScale:1.0]]
[2019.11.20-09.47.00:954][  0]LogConfig: Applying CVar settings from Section [AntiAliasingQuality@3] File [D:/comp280-worksheet-3/BananaCollectorStarter/BananaCollectorStarter 4.22/Saved/Config/Windows/Scalability.ini]
[2019.11.20-09.47.00:954][  0]LogConfig: Setting CVar [[r.PostProcessAAQuality:4]]
[2019.11.20-09.47.00:954][  0]LogConfig: Applying CVar settings from Section [ShadowQuality@3] File [D:/comp280-worksheet-3/BananaCollectorStarter/BananaCollectorStarter 4.22/Saved/Config/Windows/Scalability.ini]
[2019.11.20-09.47.00:954][  0]LogConfig: Setting CVar [[r.LightFunctionQuality:1]]
[2019.11.20-09.47.00:954][  0]LogConfig: Setting CVar [[r.ShadowQuality:5]]
[2019.11.20-09.47.00:954][  0]LogConfig: Setting CVar [[r.Shadow.CSM.MaxCascades:10]]
[2019.11.20-09.47.00:954][  0]LogConfig: Setting CVar [[r.Shadow.MaxResolution:2048]]
[2019.11.20-09.47.00:954][  0]LogConfig: Setting CVar [[r.Shadow.MaxCSMResolution:2048]]
[2019.11.20-09.47.00:954][  0]LogConfig: Setting CVar [[r.Shadow.RadiusThreshold:0.01]]
[2019.11.20-09.47.00:954][  0]LogConfig: Setting CVar [[r.Shadow.DistanceScale:1.0]]
[2019.11.20-09.47.00:954][  0]LogConfig: Setting CVar [[r.Shadow.CSM.TransitionScale:1.0]]
[2019.11.20-09.47.00:954][  0]LogConfig: Setting CVar [[r.Shadow.PreShadowResolutionFactor:1.0]]
[2019.11.20-09.47.00:954][  0]LogConfig: Setting CVar [[r.DistanceFieldShadowing:1]]
[2019.11.20-09.47.00:954][  0]LogConfig: Setting CVar [[r.DistanceFieldAO:1]]
[2019.11.20-09.47.00:954][  0]LogConfig: Setting CVar [[r.AOQuality:2]]
[2019.11.20-09.47.00:954][  0]LogConfig: Setting CVar [[r.VolumetricFog:1]]
[2019.11.20-09.47.00:954][  0]LogConfig: Setting CVar [[r.VolumetricFog.GridPixelSize:8]]
[2019.11.20-09.47.00:954][  0]LogConfig: Setting CVar [[r.VolumetricFog.GridSizeZ:128]]
[2019.11.20-09.47.00:954][  0]LogConfig: Setting CVar [[r.VolumetricFog.HistoryMissSupersampleCount:4]]
[2019.11.20-09.47.00:954][  0]LogConfig: Setting CVar [[r.LightMaxDrawDistanceScale:1]]
[2019.11.20-09.47.00:954][  0]LogConfig: Setting CVar [[r.CapsuleShadows:1]]
[2019.11.20-09.47.00:954][  0]LogConfig: Applying CVar settings from Section [PostProcessQuality@3] File [D:/comp280-worksheet-3/BananaCollectorStarter/BananaCollectorStarter 4.22/Saved/Config/Windows/Scalability.ini]
[2019.11.20-09.47.00:954][  0]LogConfig: Setting CVar [[r.MotionBlurQuality:4]]
[2019.11.20-09.47.00:954][  0]LogConfig: Setting CVar [[r.AmbientOcclusionMipLevelFactor:0.4]]
[2019.11.20-09.47.00:954][  0]LogConfig: Setting CVar [[r.AmbientOcclusionMaxQuality:100]]
[2019.11.20-09.47.00:954][  0]LogConfig: Setting CVar [[r.AmbientOcclusionLevels:-1]]
[2019.11.20-09.47.00:954][  0]LogConfig: Setting CVar [[r.AmbientOcclusionRadiusScale:1.0]]
[2019.11.20-09.47.00:954][  0]LogConfig: Setting CVar [[r.DepthOfFieldQuality:2]]
[2019.11.20-09.47.00:954][  0]LogConfig: Setting CVar [[r.RenderTargetPoolMin:400]]
[2019.11.20-09.47.00:954][  0]LogConfig: Setting CVar [[r.LensFlareQuality:2]]
[2019.11.20-09.47.00:954][  0]LogConfig: Setting CVar [[r.SceneColorFringeQuality:1]]
[2019.11.20-09.47.00:954][  0]LogConfig: Setting CVar [[r.EyeAdaptationQuality:2]]
[2019.11.20-09.47.00:954][  0]LogConfig: Setting CVar [[r.BloomQuality:5]]
[2019.11.20-09.47.00:954][  0]LogConfig: Setting CVar [[r.FastBlurThreshold:100]]
[2019.11.20-09.47.00:954][  0]LogConfig: Setting CVar [[r.Upscale.Quality:3]]
[2019.11.20-09.47.00:954][  0]LogConfig: Setting CVar [[r.Tonemapper.GrainQuantization:1]]
[2019.11.20-09.47.00:954][  0]LogConfig: Setting CVar [[r.LightShaftQuality:1]]
[2019.11.20-09.47.00:954][  0]LogConfig: Setting CVar [[r.Filter.SizeScale:1]]
[2019.11.20-09.47.00:954][  0]LogConfig: Setting CVar [[r.Tonemapper.Quality:5]]
[2019.11.20-09.47.00:954][  0]LogConfig: Setting CVar [[r.DOF.Gather.AccumulatorQuality:1        ; higher gathering accumulator quality]]
[2019.11.20-09.47.00:954][  0]LogConfig: Setting CVar [[r.DOF.Gather.PostfilterMethod:1          ; Median3x3 postfilering method]]
[2019.11.20-09.47.00:954][  0]LogConfig: Setting CVar [[r.DOF.Gather.EnableBokehSettings:0       ; no bokeh simulation when gathering]]
[2019.11.20-09.47.00:954][  0]LogConfig: Setting CVar [[r.DOF.Gather.RingCount:4                 ; medium number of samples when gathering]]
[2019.11.20-09.47.00:954][  0]LogConfig: Setting CVar [[r.DOF.Scatter.ForegroundCompositing:1    ; additive foreground scattering]]
[2019.11.20-09.47.00:954][  0]LogConfig: Setting CVar [[r.DOF.Scatter.BackgroundCompositing:2    ; additive background scattering]]
[2019.11.20-09.47.00:954][  0]LogConfig: Setting CVar [[r.DOF.Scatter.EnableBokehSettings:1      ; bokeh simulation when scattering]]
[2019.11.20-09.47.00:954][  0]LogConfig: Setting CVar [[r.DOF.Scatter.MaxSpriteRatio:0.1         ; only a maximum of 10% of scattered bokeh]]
[2019.11.20-09.47.00:954][  0]LogConfig: Setting CVar [[r.DOF.Recombine.Quality:1                ; cheap slight out of focus]]
[2019.11.20-09.47.00:954][  0]LogConfig: Setting CVar [[r.DOF.Recombine.EnableBokehSettings:0    ; no bokeh simulation on slight out of focus]]
[2019.11.20-09.47.00:954][  0]LogConfig: Setting CVar [[r.DOF.TemporalAAQuality:1                ; more stable temporal accumulation]]
[2019.11.20-09.47.00:954][  0]LogConfig: Setting CVar [[r.DOF.Kernel.MaxForegroundRadius:0.025]]
[2019.11.20-09.47.00:954][  0]LogConfig: Setting CVar [[r.DOF.Kernel.MaxBackgroundRadius:0.025]]
[2019.11.20-09.47.00:954][  0]LogConfig: Applying CVar settings from Section [TextureQuality@3] File [D:/comp280-worksheet-3/BananaCollectorStarter/BananaCollectorStarter 4.22/Saved/Config/Windows/Scalability.ini]
[2019.11.20-09.47.00:954][  0]LogConfig: Setting CVar [[r.Streaming.MipBias:0]]
[2019.11.20-09.47.00:954][  0]LogConfig: Setting CVar [[r.Streaming.AmortizeCPUToGPUCopy:0]]
[2019.11.20-09.47.00:954][  0]LogConfig: Setting CVar [[r.Streaming.MaxNumTexturesToStreamPerFrame:0]]
[2019.11.20-09.47.00:954][  0]LogConfig: Setting CVar [[r.Streaming.Boost:1]]
[2019.11.20-09.47.00:954][  0]LogConfig: Setting CVar [[r.MaxAnisotropy:8]]
[2019.11.20-09.47.00:954][  0]LogConfig: Setting CVar [[r.Streaming.LimitPoolSizeToVRAM:0]]
[2019.11.20-09.47.00:954][  0]LogConfig: Setting CVar [[r.Streaming.PoolSize:1000]]
[2019.11.20-09.47.00:954][  0]LogConfig: Setting CVar [[r.Streaming.MaxEffectiveScreenSize:0]]
[2019.11.20-09.47.00:954][  0]LogConfig: Applying CVar settings from Section [EffectsQuality@3] File [D:/comp280-worksheet-3/BananaCollectorStarter/BananaCollectorStarter 4.22/Saved/Config/Windows/Scalability.ini]
[2019.11.20-09.47.00:954][  0]LogConfig: Setting CVar [[r.TranslucencyLightingVolumeDim:64]]
[2019.11.20-09.47.00:954][  0]LogConfig: Setting CVar [[r.RefractionQuality:2]]
[2019.11.20-09.47.00:954][  0]LogConfig: Setting CVar [[r.SSR.Quality:3]]
[2019.11.20-09.47.00:954][  0]LogConfig: Setting CVar [[r.SceneColorFormat:4]]
[2019.11.20-09.47.00:954][  0]LogConfig: Setting CVar [[r.DetailMode:2]]
[2019.11.20-09.47.00:955][  0]LogConfig: Setting CVar [[r.TranslucencyVolumeBlur:1]]
[2019.11.20-09.47.00:955][  0]LogConfig: Setting CVar [[r.MaterialQualityLevel:1 ; High quality]]
[2019.11.20-09.47.00:955][  0]LogConfig: Setting CVar [[r.SSS.Scale:1]]
[2019.11.20-09.47.00:955][  0]LogConfig: Setting CVar [[r.SSS.SampleSet:2]]
[2019.11.20-09.47.00:955][  0]LogConfig: Setting CVar [[r.SSS.Quality:1]]
[2019.11.20-09.47.00:955][  0]LogConfig: Setting CVar [[r.SSS.HalfRes:1]]
[2019.11.20-09.47.00:955][  0]LogConfig: Setting CVar [[r.EmitterSpawnRateScale:1.0]]
[2019.11.20-09.47.00:955][  0]LogConfig: Setting CVar [[r.ParticleLightQuality:2]]
[2019.11.20-09.47.00:955][  0]LogConfig: Applying CVar settings from Section [FoliageQuality@3] File [D:/comp280-worksheet-3/BananaCollectorStarter/BananaCollectorStarter 4.22/Saved/Config/Windows/Scalability.ini]
[2019.11.20-09.47.00:955][  0]LogConfig: Setting CVar [[foliage.DensityScale:1.0]]
[2019.11.20-09.47.00:955][  0]LogConfig: Setting CVar [[grass.DensityScale:1.0]]
[2019.11.20-09.47.00:955][  0]LogInit: Selected Device Profile: [Windows]
[2019.11.20-09.47.00:955][  0]LogInit: Applying CVar settings loaded from the selected device profile: [Windows]
[2019.11.20-09.47.00:973][  0]LogHAL: Display: Platform has ~ 16 GB [17075023872 / 17179869184 / 16], which maps to Larger [LargestMinGB=32, LargerMinGB=12, DefaultMinGB=8, SmallerMinGB=6, SmallestMinGB=0)
[2019.11.20-09.47.00:973][  0]LogConfig: Setting CVar [[r.Vulkan.UseRealUBs:0		; Required until we fix HLR fall-out]]
[2019.11.20-09.47.00:973][  0]LogInit: Going up to parent DeviceProfile []
[2019.11.20-09.47.00:973][  0]LogConfig: Applying CVar settings from Section [ViewDistanceQuality@3] File [D:/comp280-worksheet-3/BananaCollectorStarter/BananaCollectorStarter 4.22/Saved/Config/Windows/Scalability.ini]
[2019.11.20-09.47.00:973][  0]LogConfig: Setting CVar [[r.SkeletalMeshLODBias:0]]
[2019.11.20-09.47.00:973][  0]LogConfig: Setting CVar [[r.ViewDistanceScale:1.0]]
[2019.11.20-09.47.00:973][  0]LogConfig: Applying CVar settings from Section [AntiAliasingQuality@3] File [D:/comp280-worksheet-3/BananaCollectorStarter/BananaCollectorStarter 4.22/Saved/Config/Windows/Scalability.ini]
[2019.11.20-09.47.00:973][  0]LogConfig: Setting CVar [[r.PostProcessAAQuality:4]]
[2019.11.20-09.47.00:973][  0]LogConfig: Applying CVar settings from Section [ShadowQuality@3] File [D:/comp280-worksheet-3/BananaCollectorStarter/BananaCollectorStarter 4.22/Saved/Config/Windows/Scalability.ini]
[2019.11.20-09.47.00:973][  0]LogConfig: Setting CVar [[r.LightFunctionQuality:1]]
[2019.11.20-09.47.00:973][  0]LogConfig: Setting CVar [[r.ShadowQuality:5]]
[2019.11.20-09.47.00:973][  0]LogConfig: Setting CVar [[r.Shadow.CSM.MaxCascades:10]]
[2019.11.20-09.47.00:973][  0]LogConfig: Setting CVar [[r.Shadow.MaxResolution:2048]]
[2019.11.20-09.47.00:973][  0]LogConfig: Setting CVar [[r.Shadow.MaxCSMResolution:2048]]
[2019.11.20-09.47.00:973][  0]LogConfig: Setting CVar [[r.Shadow.RadiusThreshold:0.01]]
[2019.11.20-09.47.00:973][  0]LogConfig: Setting CVar [[r.Shadow.DistanceScale:1.0]]
[2019.11.20-09.47.00:973][  0]LogConfig: Setting CVar [[r.Shadow.CSM.TransitionScale:1.0]]
[2019.11.20-09.47.00:973][  0]LogConfig: Setting CVar [[r.Shadow.PreShadowResolutionFactor:1.0]]
[2019.11.20-09.47.00:973][  0]LogConfig: Setting CVar [[r.DistanceFieldShadowing:1]]
[2019.11.20-09.47.00:973][  0]LogConfig: Setting CVar [[r.DistanceFieldAO:1]]
[2019.11.20-09.47.00:973][  0]LogConfig: Setting CVar [[r.AOQuality:2]]
[2019.11.20-09.47.00:973][  0]LogConfig: Setting CVar [[r.VolumetricFog:1]]
[2019.11.20-09.47.00:973][  0]LogConfig: Setting CVar [[r.VolumetricFog.GridPixelSize:8]]
[2019.11.20-09.47.00:973][  0]LogConfig: Setting CVar [[r.VolumetricFog.GridSizeZ:128]]
[2019.11.20-09.47.00:973][  0]LogConfig: Setting CVar [[r.VolumetricFog.HistoryMissSupersampleCount:4]]
[2019.11.20-09.47.00:973][  0]LogConfig: Setting CVar [[r.LightMaxDrawDistanceScale:1]]
[2019.11.20-09.47.00:973][  0]LogConfig: Setting CVar [[r.CapsuleShadows:1]]
[2019.11.20-09.47.00:973][  0]LogConfig: Applying CVar settings from Section [PostProcessQuality@3] File [D:/comp280-worksheet-3/BananaCollectorStarter/BananaCollectorStarter 4.22/Saved/Config/Windows/Scalability.ini]
[2019.11.20-09.47.00:973][  0]LogConfig: Setting CVar [[r.MotionBlurQuality:4]]
[2019.11.20-09.47.00:973][  0]LogConfig: Setting CVar [[r.AmbientOcclusionMipLevelFactor:0.4]]
[2019.11.20-09.47.00:973][  0]LogConfig: Setting CVar [[r.AmbientOcclusionMaxQuality:100]]
[2019.11.20-09.47.00:973][  0]LogConfig: Setting CVar [[r.AmbientOcclusionLevels:-1]]
[2019.11.20-09.47.00:973][  0]LogConfig: Setting CVar [[r.AmbientOcclusionRadiusScale:1.0]]
[2019.11.20-09.47.00:973][  0]LogConfig: Setting CVar [[r.DepthOfFieldQuality:2]]
[2019.11.20-09.47.00:973][  0]LogConfig: Setting CVar [[r.RenderTargetPoolMin:400]]
[2019.11.20-09.47.00:973][  0]LogConfig: Setting CVar [[r.LensFlareQuality:2]]
[2019.11.20-09.47.00:973][  0]LogConfig: Setting CVar [[r.SceneColorFringeQuality:1]]
[2019.11.20-09.47.00:973][  0]LogConfig: Setting CVar [[r.EyeAdaptationQuality:2]]
[2019.11.20-09.47.00:974][  0]LogConfig: Setting CVar [[r.BloomQuality:5]]
[2019.11.20-09.47.00:974][  0]LogConfig: Setting CVar [[r.FastBlurThreshold:100]]
[2019.11.20-09.47.00:974][  0]LogConfig: Setting CVar [[r.Upscale.Quality:3]]
[2019.11.20-09.47.00:974][  0]LogConfig: Setting CVar [[r.Tonemapper.GrainQuantization:1]]
[2019.11.20-09.47.00:974][  0]LogConfig: Setting CVar [[r.LightShaftQuality:1]]
[2019.11.20-09.47.00:974][  0]LogConfig: Setting CVar [[r.Filter.SizeScale:1]]
[2019.11.20-09.47.00:974][  0]LogConfig: Setting CVar [[r.Tonemapper.Quality:5]]
[2019.11.20-09.47.00:974][  0]LogConfig: Setting CVar [[r.DOF.Gather.AccumulatorQuality:1        ; higher gathering accumulator quality]]
[2019.11.20-09.47.00:974][  0]LogConfig: Setting CVar [[r.DOF.Gather.PostfilterMethod:1          ; Median3x3 postfilering method]]
[2019.11.20-09.47.00:974][  0]LogConfig: Setting CVar [[r.DOF.Gather.EnableBokehSettings:0       ; no bokeh simulation when gathering]]
[2019.11.20-09.47.00:974][  0]LogConfig: Setting CVar [[r.DOF.Gather.RingCount:4                 ; medium number of samples when gathering]]
[2019.11.20-09.47.00:974][  0]LogConfig: Setting CVar [[r.DOF.Scatter.ForegroundCompositing:1    ; additive foreground scattering]]
[2019.11.20-09.47.00:974][  0]LogConfig: Setting CVar [[r.DOF.Scatter.BackgroundCompositing:2    ; additive background scattering]]
[2019.11.20-09.47.00:974][  0]LogConfig: Setting CVar [[r.DOF.Scatter.EnableBokehSettings:1      ; bokeh simulation when scattering]]
[2019.11.20-09.47.00:974][  0]LogConfig: Setting CVar [[r.DOF.Scatter.MaxSpriteRatio:0.1         ; only a maximum of 10% of scattered bokeh]]
[2019.11.20-09.47.00:974][  0]LogConfig: Setting CVar [[r.DOF.Recombine.Quality:1                ; cheap slight out of focus]]
[2019.11.20-09.47.00:974][  0]LogConfig: Setting CVar [[r.DOF.Recombine.EnableBokehSettings:0    ; no bokeh simulation on slight out of focus]]
[2019.11.20-09.47.00:974][  0]LogConfig: Setting CVar [[r.DOF.TemporalAAQuality:1                ; more stable temporal accumulation]]
[2019.11.20-09.47.00:974][  0]LogConfig: Setting CVar [[r.DOF.Kernel.MaxForegroundRadius:0.025]]
[2019.11.20-09.47.00:974][  0]LogConfig: Setting CVar [[r.DOF.Kernel.MaxBackgroundRadius:0.025]]
[2019.11.20-09.47.00:974][  0]LogConfig: Applying CVar settings from Section [TextureQuality@3] File [D:/comp280-worksheet-3/BananaCollectorStarter/BananaCollectorStarter 4.22/Saved/Config/Windows/Scalability.ini]
[2019.11.20-09.47.00:974][  0]LogConfig: Setting CVar [[r.Streaming.MipBias:0]]
[2019.11.20-09.47.00:974][  0]LogConfig: Setting CVar [[r.Streaming.AmortizeCPUToGPUCopy:0]]
[2019.11.20-09.47.00:974][  0]LogConfig: Setting CVar [[r.Streaming.MaxNumTexturesToStreamPerFrame:0]]
[2019.11.20-09.47.00:974][  0]LogConfig: Setting CVar [[r.Streaming.Boost:1]]
[2019.11.20-09.47.00:974][  0]LogConfig: Setting CVar [[r.MaxAnisotropy:8]]
[2019.11.20-09.47.00:974][  0]LogConfig: Setting CVar [[r.Streaming.LimitPoolSizeToVRAM:0]]
[2019.11.20-09.47.00:974][  0]LogConfig: Setting CVar [[r.Streaming.PoolSize:1000]]
[2019.11.20-09.47.00:974][  0]LogConfig: Setting CVar [[r.Streaming.MaxEffectiveScreenSize:0]]
[2019.11.20-09.47.00:974][  0]LogConfig: Applying CVar settings from Section [EffectsQuality@3] File [D:/comp280-worksheet-3/BananaCollectorStarter/BananaCollectorStarter 4.22/Saved/Config/Windows/Scalability.ini]
[2019.11.20-09.47.00:974][  0]LogConfig: Setting CVar [[r.TranslucencyLightingVolumeDim:64]]
[2019.11.20-09.47.00:974][  0]LogConfig: Setting CVar [[r.RefractionQuality:2]]
[2019.11.20-09.47.00:974][  0]LogConfig: Setting CVar [[r.SSR.Quality:3]]
[2019.11.20-09.47.00:974][  0]LogConfig: Setting CVar [[r.SceneColorFormat:4]]
[2019.11.20-09.47.00:974][  0]LogConfig: Setting CVar [[r.DetailMode:2]]
[2019.11.20-09.47.00:974][  0]LogConfig: Setting CVar [[r.TranslucencyVolumeBlur:1]]
[2019.11.20-09.47.00:974][  0]LogConfig: Setting CVar [[r.MaterialQualityLevel:1 ; High quality]]
[2019.11.20-09.47.00:974][  0]LogConfig: Setting CVar [[r.SSS.Scale:1]]
[2019.11.20-09.47.00:974][  0]LogConfig: Setting CVar [[r.SSS.SampleSet:2]]
[2019.11.20-09.47.00:974][  0]LogConfig: Setting CVar [[r.SSS.Quality:1]]
[2019.11.20-09.47.00:974][  0]LogConfig: Setting CVar [[r.SSS.HalfRes:1]]
[2019.11.20-09.47.00:974][  0]LogConfig: Setting CVar [[r.EmitterSpawnRateScale:1.0]]
[2019.11.20-09.47.00:974][  0]LogConfig: Setting CVar [[r.ParticleLightQuality:2]]
[2019.11.20-09.47.00:974][  0]LogConfig: Applying CVar settings from Section [FoliageQuality@3] File [D:/comp280-worksheet-3/BananaCollectorStarter/BananaCollectorStarter 4.22/Saved/Config/Windows/Scalability.ini]
[2019.11.20-09.47.00:974][  0]LogConfig: Setting CVar [[foliage.DensityScale:1.0]]
[2019.11.20-09.47.00:974][  0]LogConfig: Setting CVar [[grass.DensityScale:1.0]]
[2019.11.20-09.47.00:974][  0]LogConfig: Applying CVar settings from Section [Startup] File [../../../Engine/Config/ConsoleVariables.ini]
[2019.11.20-09.47.00:974][  0]LogConfig: Setting CVar [[net.UseAdaptiveNetUpdateFrequency:0]]
[2019.11.20-09.47.00:974][  0]LogConfig: Setting CVar [[p.chaos.AllowCreatePhysxBodies:1]]
[2019.11.20-09.47.00:974][  0]LogConfig: Applying CVar settings from Section [ConsoleVariables] File [D:/comp280-worksheet-3/BananaCollectorStarter/BananaCollectorStarter 4.22/Saved/Config/Windows/Engine.ini]
[2019.11.20-09.47.00:975][  0]LogInit: Computer: 052TGADS-60384
[2019.11.20-09.47.00:975][  0]LogInit: User: mo214885
[2019.11.20-09.47.00:975][  0]LogInit: CPU Page size=4096, Cores=4
[2019.11.20-09.47.00:975][  0]LogInit: High frequency timer resolution =10.000000 MHz
[2019.11.20-09.47.00:975][  0]LogMemory: Memory total: Physical=15.9GB (16GB approx)
[2019.11.20-09.47.00:975][  0]LogMemory: Platform Memory Stats for Windows
[2019.11.20-09.47.00:975][  0]LogMemory: Process Physical Memory: 96.39 MB used, 96.39 MB peak
[2019.11.20-09.47.00:975][  0]LogMemory: Process Virtual Memory: 83.86 MB used, 83.86 MB peak
[2019.11.20-09.47.00:975][  0]LogMemory: Physical Memory: 7060.96 MB used,  9223.05 MB free, 16284.01 MB total
[2019.11.20-09.47.00:975][  0]LogMemory: Virtual Memory: 4639.47 MB used,  134213088.00 MB free, 134217728.00 MB total
[2019.11.20-09.47.00:992][  0]LogInit: Using OS detected language (en-US).
[2019.11.20-09.47.00:992][  0]LogInit: Using OS detected locale (en-GB).
[2019.11.20-09.47.00:993][  0]LogTextLocalizationManager: No specific localization for 'en-US' exists, so the 'en' localization will be used.
[2019.11.20-09.47.01:166][  0]LogInit: Setting process to per monitor DPI aware
[2019.11.20-09.47.01:287][  0]LogSlate: New Slate User Created.  User Index 0, Is Virtual User: 0
[2019.11.20-09.47.01:287][  0]LogSlate: Slate User Registered.  User Index 0, Is Virtual User: 0
[2019.11.20-09.47.01:443][  0]LogHMD: Failed to initialize OpenVR with code 110
[2019.11.20-09.47.01:443][  0]LogD3D11RHI: D3D11 adapters:
[2019.11.20-09.47.01:500][  0]LogD3D11RHI:    0. 'NVIDIA GeForce GTX 1050 Ti' (Feature Level 11_0)
[2019.11.20-09.47.01:500][  0]LogD3D11RHI:       4018/0/8142 MB DedicatedVideo/DedicatedSystem/SharedSystem, Outputs:2, VendorId:0x10de
[2019.11.20-09.47.01:503][  0]LogD3D11RHI:    1. 'Microsoft Basic Render Driver' (Feature Level 11_0)
[2019.11.20-09.47.01:503][  0]LogD3D11RHI:       0/0/8142 MB DedicatedVideo/DedicatedSystem/SharedSystem, Outputs:0, VendorId:0x1414
[2019.11.20-09.47.01:503][  0]LogD3D11RHI: Chosen D3D11 Adapter: 0
[2019.11.20-09.47.01:511][  0]LogD3D11RHI: Creating new Direct3DDevice
[2019.11.20-09.47.01:511][  0]LogD3D11RHI:     GPU DeviceId: 0x1c82 (for the marketing name, search the web for "GPU Device Id")
[2019.11.20-09.47.01:511][  0]LogWindows: EnumDisplayDevices:
[2019.11.20-09.47.01:511][  0]LogWindows:    0. 'NVIDIA GeForce GTX 1050 Ti' (P:1 D:1)
[2019.11.20-09.47.01:512][  0]LogWindows:    1. 'NVIDIA GeForce GTX 1050 Ti' (P:0 D:1)
[2019.11.20-09.47.01:512][  0]LogWindows:    2. 'NVIDIA GeForce GTX 1050 Ti' (P:0 D:0)
[2019.11.20-09.47.01:512][  0]LogWindows:    3. 'NVIDIA GeForce GTX 1050 Ti' (P:0 D:0)
[2019.11.20-09.47.01:512][  0]LogWindows: DebugString: FoundDriverCount:4 
[2019.11.20-09.47.01:513][  0]LogD3D11RHI:     Adapter Name: NVIDIA GeForce GTX 1050 Ti
[2019.11.20-09.47.01:513][  0]LogD3D11RHI:   Driver Version: 419.17 (internal:25.21.14.1917, unified:419.17)
[2019.11.20-09.47.01:513][  0]LogD3D11RHI:      Driver Date: 2-20-2019
[2019.11.20-09.47.01:513][  0]LogRHI: Texture pool is 2812 MB (70% of 4018 MB)
[2019.11.20-09.47.01:552][  0]LogD3D11RHI: Async texture creation enabled
[2019.11.20-09.47.01:556][  0]LogRendererCore: FGlobalReadBuffer::InitRHI
[2019.11.20-09.47.01:557][  0]LogRendererCore: FGlobalReadBuffer::InitRHI
[2019.11.20-09.47.01:557][  0]LogRendererCore: FGlobalReadBuffer::InitRHI
[2019.11.20-09.47.01:566][  0]LogD3D11RHI: GPU Timing Frequency: 1000.000000 (Debug: 2 1)
[2019.11.20-09.47.02:247][  0]LogTemp: Display: Module 'AllDesktopTargetPlatform' loaded TargetPlatform 'AllDesktop'
[2019.11.20-09.47.02:262][  0]LogTemp: Display: Module 'MacClientTargetPlatform' loaded TargetPlatform 'MacClient'
[2019.11.20-09.47.02:277][  0]LogTemp: Display: Module 'MacNoEditorTargetPlatform' loaded TargetPlatform 'MacNoEditor'
[2019.11.20-09.47.02:292][  0]LogTemp: Display: Module 'MacServerTargetPlatform' loaded TargetPlatform 'MacServer'
[2019.11.20-09.47.02:307][  0]LogTemp: Display: Module 'MacTargetPlatform' loaded TargetPlatform 'Mac'
[2019.11.20-09.47.02:322][  0]LogTemp: Display: Module 'WindowsClientTargetPlatform' loaded TargetPlatform 'WindowsClient'
[2019.11.20-09.47.02:337][  0]LogTemp: Display: Module 'WindowsNoEditorTargetPlatform' loaded TargetPlatform 'WindowsNoEditor'
[2019.11.20-09.47.02:352][  0]LogTemp: Display: Module 'WindowsServerTargetPlatform' loaded TargetPlatform 'WindowsServer'
[2019.11.20-09.47.02:359][  0]LogTemp: Display: Module 'WindowsTargetPlatform' loaded TargetPlatform 'Windows'
[2019.11.20-09.47.02:446][  0]LogTemp: Display: Module 'AndroidTargetPlatform' loaded TargetPlatform 'Android'
[2019.11.20-09.47.02:446][  0]LogTemp: Display: Module 'AndroidTargetPlatform' loaded TargetPlatform 'Android_ASTC'
[2019.11.20-09.47.02:446][  0]LogTemp: Display: Module 'AndroidTargetPlatform' loaded TargetPlatform 'Android_ATC'
[2019.11.20-09.47.02:446][  0]LogTemp: Display: Module 'AndroidTargetPlatform' loaded TargetPlatform 'Android_DXT'
[2019.11.20-09.47.02:446][  0]LogTemp: Display: Module 'AndroidTargetPlatform' loaded TargetPlatform 'Android_ETC1'
[2019.11.20-09.47.02:446][  0]LogTemp: Display: Module 'AndroidTargetPlatform' loaded TargetPlatform 'Android_ETC1a'
[2019.11.20-09.47.02:446][  0]LogTemp: Display: Module 'AndroidTargetPlatform' loaded TargetPlatform 'Android_ETC2'
[2019.11.20-09.47.02:446][  0]LogTemp: Display: Module 'AndroidTargetPlatform' loaded TargetPlatform 'Android_PVRTC'
[2019.11.20-09.47.02:446][  0]LogTemp: Display: Module 'AndroidTargetPlatform' loaded TargetPlatform 'AndroidClient'
[2019.11.20-09.47.02:446][  0]LogTemp: Display: Module 'AndroidTargetPlatform' loaded TargetPlatform 'Android_ASTCClient'
[2019.11.20-09.47.02:446][  0]LogTemp: Display: Module 'AndroidTargetPlatform' loaded TargetPlatform 'Android_ATCClient'
[2019.11.20-09.47.02:446][  0]LogTemp: Display: Module 'AndroidTargetPlatform' loaded TargetPlatform 'Android_DXTClient'
[2019.11.20-09.47.02:446][  0]LogTemp: Display: Module 'AndroidTargetPlatform' loaded TargetPlatform 'Android_ETC1Client'
[2019.11.20-09.47.02:446][  0]LogTemp: Display: Module 'AndroidTargetPlatform' loaded TargetPlatform 'Android_ETC1aClient'
[2019.11.20-09.47.02:446][  0]LogTemp: Display: Module 'AndroidTargetPlatform' loaded TargetPlatform 'Android_ETC2Client'
[2019.11.20-09.47.02:446][  0]LogTemp: Display: Module 'AndroidTargetPlatform' loaded TargetPlatform 'Android_PVRTCClient'
[2019.11.20-09.47.02:446][  0]LogTemp: Display: Module 'AndroidTargetPlatform' loaded TargetPlatform 'Android_Multi'
[2019.11.20-09.47.02:446][  0]LogTemp: Display: Module 'AndroidTargetPlatform' loaded TargetPlatform 'Android_MultiClient'
[2019.11.20-09.47.02:448][  0]LogTemp: Display: Module 'HTML5TargetPlatform' loaded TargetPlatform 'HTML5'
[2019.11.20-09.47.02:499][  0]LogTemp: Display: Module 'IOSTargetPlatform' loaded TargetPlatform 'IOSClient'
[2019.11.20-09.47.02:499][  0]LogTemp: Display: Module 'IOSTargetPlatform' loaded TargetPlatform 'IOS'
[2019.11.20-09.47.02:525][  0]LogTemp: Display: Module 'TVOSTargetPlatform' loaded TargetPlatform 'TVOSClient'
[2019.11.20-09.47.02:525][  0]LogTemp: Display: Module 'TVOSTargetPlatform' loaded TargetPlatform 'TVOS'
[2019.11.20-09.47.02:538][  0]LogTemp: Display: Module 'LinuxClientTargetPlatform' loaded TargetPlatform 'LinuxClient'
[2019.11.20-09.47.02:552][  0]LogTemp: Display: Module 'LinuxNoEditorTargetPlatform' loaded TargetPlatform 'LinuxNoEditor'
[2019.11.20-09.47.02:565][  0]LogTemp: Display: Module 'LinuxServerTargetPlatform' loaded TargetPlatform 'LinuxServer'
[2019.11.20-09.47.02:578][  0]LogTemp: Display: Module 'LinuxTargetPlatform' loaded TargetPlatform 'Linux'
[2019.11.20-09.47.02:625][  0]LogTemp: Display: Module 'LuminTargetPlatform' loaded TargetPlatform 'Lumin'
[2019.11.20-09.47.02:625][  0]LogTemp: Display: Module 'LuminTargetPlatform' loaded TargetPlatform 'LuminClient'
[2019.11.20-09.47.02:625][  0]LogTargetPlatformManager: Display: Building Assets For Windows
[2019.11.20-09.47.02:633][  0]LogAudioDebug: Display: Lib vorbis DLL was dynamically loaded.
[2019.11.20-09.47.02:688][  0]LogShaderCompilers: Guid format shader working directory is -24 characters bigger than the processId version (D:/comp280-worksheet-3/BananaCollectorStarter/BananaCollectorStarter 4.22/Intermediate/Shaders/WorkingDirectory/3456/).
[2019.11.20-09.47.02:689][  0]LogShaderCompilers: Cleaned the shader compiler working directory 'C:/Users/mo214885/AppData/Local/Temp/UnrealShaderWorkingDir/70A048F842EB09974059B8833F010B4A/'.
[2019.11.20-09.47.02:703][  0]LogShaderCompilers: Display: Using XGE Shader Compiler (Interception Interface).
[2019.11.20-09.47.03:273][  0]LogDerivedDataCache: Display: Max Cache Size: 512 MB
[2019.11.20-09.47.03:326][  0]LogDerivedDataCache: Loaded boot cache 0.05s 71MB C:/Users/mo214885/AppData/Local/UnrealEngine/4.22/DerivedDataCache/Boot.ddc.
[2019.11.20-09.47.03:326][  0]LogDerivedDataCache: Display: Loaded Boot cache: C:/Users/mo214885/AppData/Local/UnrealEngine/4.22/DerivedDataCache/Boot.ddc
[2019.11.20-09.47.03:326][  0]LogDerivedDataCache: FDerivedDataBackendGraph:  Pak pak cache file D:/comp280-worksheet-3/BananaCollectorStarter/BananaCollectorStarter 4.22/DerivedDataCache/DDC.ddp not found, will not use a pak cache.
[2019.11.20-09.47.03:326][  0]LogDerivedDataCache: Unable to find inner node Pak for hierarchical cache Hierarchy.
[2019.11.20-09.47.03:326][  0]LogDerivedDataCache: FDerivedDataBackendGraph:  CompressedPak pak cache file D:/comp280-worksheet-3/BananaCollectorStarter/BananaCollectorStarter 4.22/DerivedDataCache/Compressed.ddp not found, will not use a pak cache.
[2019.11.20-09.47.03:326][  0]LogDerivedDataCache: Unable to find inner node CompressedPak for hierarchical cache Hierarchy.
[2019.11.20-09.47.03:339][  0]LogDerivedDataCache: Display: Pak cache opened for reading ../../../Engine/DerivedDataCache/Compressed.ddp.
[2019.11.20-09.47.03:339][  0]LogDerivedDataCache: FDerivedDataBackendGraph:  EnterprisePak pak cache file ../../../Enterprise/DerivedDataCache/Compressed.ddp not found, will not use a pak cache.
[2019.11.20-09.47.03:339][  0]LogDerivedDataCache: Unable to find inner node EnterprisePak for hierarchical cache Hierarchy.
[2019.11.20-09.47.03:351][  0]LogDerivedDataCache: Using Local data cache path C:/Users/mo214885/AppData/Local/UnrealEngine/Common/DerivedDataCache: Writable
[2019.11.20-09.47.03:351][  0]LogDerivedDataCache: Shared data cache path not found in *engine.ini, will not use an Shared cache.
[2019.11.20-09.47.03:351][  0]LogDerivedDataCache: Unable to find inner node Shared for hierarchical cache Hierarchy.
[2019.11.20-09.47.03:374][  0]LogMaterial: Verifying Global Shaders for PCD3D_SM5
[2019.11.20-09.47.03:375][  0]LogSlate: Using FreeType 2.6.0
[2019.11.20-09.47.03:376][  0]LogSlate: SlateFontServices - WITH_FREETYPE: 1, WITH_HARFBUZZ: 1
[2019.11.20-09.47.03:460][  0]LogAssetRegistry: FAssetRegistry took 0.0342 seconds to start up
[2019.11.20-09.47.03:791][  0]LogInit: Selected Device Profile: [Windows]
[2019.11.20-09.47.03:935][  0]LogMeshReduction: Using QuadricMeshReduction for automatic static mesh reduction
[2019.11.20-09.47.03:935][  0]LogMeshReduction: Using SimplygonMeshReduction for automatic skeletal mesh reduction
[2019.11.20-09.47.03:935][  0]LogMeshReduction: Using ProxyLODMeshReduction for automatic mesh merging
[2019.11.20-09.47.03:935][  0]LogMeshReduction: No distributed automatic mesh merging module available
[2019.11.20-09.47.03:935][  0]LogMeshMerging: No distributed automatic mesh merging module available
[2019.11.20-09.47.03:948][  0]LogNetVersion: BananaCollector 1.0.0, NetCL: 5660361, EngineNetVer: 10, GameNetVer: 0 (Checksum: 1857636753)
[2019.11.20-09.47.04:400][  0]LogPackageLocalizationCache: Processed 10 localized package path(s) for 1 prioritized culture(s) in 0.041442 seconds
[2019.11.20-09.47.04:407][  0]LogUObjectArray: 42205 objects as part of root set at end of initial load.
[2019.11.20-09.47.04:407][  0]LogUObjectAllocator: 7325032 out of 0 bytes used by permanent object pool.
[2019.11.20-09.47.04:407][  0]LogUObjectArray: CloseDisregardForGC: 0/0 objects in disregard for GC pool
[2019.11.20-09.47.05:244][  0]LogTcpMessaging: Initializing TcpMessaging bridge
[2019.11.20-09.47.05:258][  0]LogUdpMessaging: Initializing bridge on interface 0.0.0.0:0 to multicast group 230.0.0.1:6666.
[2019.11.20-09.47.05:366][  0]SourceControl: Source control is disabled
[2019.11.20-09.47.05:366][  0]SourceControl: Source control is disabled
[2019.11.20-09.47.05:367][  0]SourceControl: Source control is disabled
[2019.11.20-09.47.05:368][  0]SourceControl: Source control is disabled
[2019.11.20-09.47.05:446][  0]LogAndroidPermission: UAndroidPermissionCallbackProxy::GetInstance
[2019.11.20-09.47.05:509][  0]LogOcInput: OculusInput pre-init called
[2019.11.20-09.47.06:176][  0]LogEngine: Initializing Engine...
[2019.11.20-09.47.06:176][  0]LogHMD: Failed to initialize OpenVR with code 110
[2019.11.20-09.47.06:177][  0]LogStats: UGameplayTagsManager::InitializeManager -  0.000 s
[2019.11.20-09.47.06:390][  0]LogInit: Initializing FReadOnlyCVARCache
[2019.11.20-09.47.06:405][  0]LogAIModule: Creating AISystem for world Untitled
[2019.11.20-09.47.06:470][  0]LogInit: XAudio2 using 'PL2290 (NVIDIA High Definition Audio)' : 2 channels at 48 kHz using 16 bits per sample (channel mask 0x3)
[2019.11.20-09.47.06:503][  0]LogInit: FAudioDevice initialized.
[2019.11.20-09.47.06:503][  0]LogNetVersion: Set ProjectVersion to 1.0.0.0. Version Checksum will be recalculated on next use.
[2019.11.20-09.47.08:562][  0]LogDerivedDataCache: Saved boot cache 2.06s 71MB C:/Users/mo214885/AppData/Local/UnrealEngine/4.22/DerivedDataCache/Boot.ddc.
[2019.11.20-09.47.08:574][  0]LogInit: Texture streaming: Enabled
[2019.11.20-09.47.08:604][  0]LogEngineSessionManager: EngineSessionManager initialized
[2019.11.20-09.47.09:246][  0]LogInit: Transaction tracking system initialized
[2019.11.20-09.47.09:274][  0]BlueprintLog: New page: Editor Load
[2019.11.20-09.47.09:364][  0]LocalizationService: Localization service is disabled
[2019.11.20-09.47.09:690][  0]LogFileCache: Scanning file cache for directory 'D:/comp280-worksheet-3/BananaCollectorStarter/BananaCollectorStarter 4.22/Content/' took 0.02s
[2019.11.20-09.47.09:691][  0]LogCook: Display: Max memory allowance for cook 16384mb min free memory 0mb
[2019.11.20-09.47.09:691][  0]LogCook: Display: Mobile HDR setting 1
[2019.11.20-09.47.09:868][  0]SourceControl: Source control is disabled
[2019.11.20-09.47.09:868][  0]Cmd: MAP LOAD FILE="D:/comp280-worksheet-3/BananaCollectorStarter/BananaCollectorStarter 4.22/Content/BananaCollector/Maps/TutorialMap.umap" TEMPLATE=0 SHOWPROGRESS=1 FEATURELEVEL=3
[2019.11.20-09.47.09:868][  0]LightingResults: New page: Lighting Build
[2019.11.20-09.47.09:871][  0]MapCheck: New page: Map Check
[2019.11.20-09.47.09:871][  0]LightingResults: New page: Lighting Build
[2019.11.20-09.47.09:897][  0]LogUObjectHash: Compacting FUObjectHashTables data took   1.56ms
[2019.11.20-09.47.10:259][  0]LogLinker: Warning: Can't find file '/Game/BananaCollector/Maps/TutorialMap_BuiltData'
[2019.11.20-09.47.10:259][  0]LogLinker: Warning: Can't find file for asset '/Game/BananaCollector/Maps/TutorialMap_BuiltData' while loading NULL.
[2019.11.20-09.47.10:264][  0]LogLinker: Warning: Can't find file '/Game/BananaCollector/Maps/TutorialMap_BuiltData'
[2019.11.20-09.47.10:264][  0]LogLinker: Warning: Can't find file for asset '/Game/BananaCollector/Maps/TutorialMap_BuiltData' while loading NULL.
[2019.11.20-09.47.10:265][  0]LogLinker: Warning: Can't find file '/Game/BananaCollector/Maps/TutorialMap_BuiltData'
[2019.11.20-09.47.10:265][  0]LogLinker: Warning: Can't find file for asset '/Game/BananaCollector/Maps/TutorialMap_BuiltData' while loading NULL.
[2019.11.20-09.47.10:265][  0]LogLinker: Warning: Can't find file '/Game/BananaCollector/Maps/TutorialMap_BuiltData'
[2019.11.20-09.47.10:265][  0]LogLinker: Warning: Can't find file for asset '/Game/BananaCollector/Maps/TutorialMap_BuiltData' while loading NULL.
[2019.11.20-09.47.10:272][  0]LogLinker: Warning: Can't find file '/Game/BananaCollector/Maps/TutorialMap_BuiltData'
[2019.11.20-09.47.10:272][  0]LoadErrors: Failed to load /Game/BananaCollector/Maps/TutorialMap_BuiltData.TutorialMap_BuiltData Referenced by PersistentLevel
[2019.11.20-09.47.10:272][  0]LogLinker: Warning: Can't find file for asset '/Game/BananaCollector/Maps/TutorialMap_BuiltData' while loading NULL.
[2019.11.20-09.47.10:350][  0]LogTexture: Display: Building textures: T_Banana_D (AutoDXT, 1024X1024)
[2019.11.20-09.47.10:350][  0]LogStaticMesh: Building static mesh SM_Banana...
[2019.11.20-09.47.10:410][  0]LogStaticMesh: Built static mesh [0.06s] /Game/BananaCollector/Meshes/SM_Banana.SM_Banana
[2019.11.20-09.47.10:744][  0]LogStaticMesh: Building static mesh SM_Cube...
[2019.11.20-09.47.10:744][  0]LogStaticMesh: Built static mesh [0.00s] /Game/BananaCollector/Meshes/SM_Cube.SM_Cube
[2019.11.20-09.47.10:885][  0]LogMaterial: Display: Missing cached shader map for material M_Banana, compiling. 
[2019.11.20-09.47.10:937][  0]LogMaterial: Display: Missing cached shader map for material M_Cube, compiling. 
[2019.11.20-09.47.10:997][  0]LogMaterial: Display: Missing cached shader map for material M_Level, compiling. 
[2019.11.20-09.47.11:013][  0]LogAIModule: Creating AISystem for world TutorialMap
[2019.11.20-09.47.11:120][  0]LogEditorServer: Finished looking for orphan Actors (0.000 secs)
[2019.11.20-09.47.11:160][  0]LogUObjectHash: Compacting FUObjectHashTables data took   1.91ms
[2019.11.20-09.47.11:161][  0]Cmd: MAP CHECKDEP NOCLEARLOG
[2019.11.20-09.47.11:161][  0]MapCheck: Map check complete: 0 Error(s), 0 Warning(s), took 0.088ms to complete.
[2019.11.20-09.47.11:161][  0]LogFileHelpers: Loading map 'TutorialMap' took 1.293
[2019.11.20-09.47.12:075][  0]LogSlate: Updating window title bar state: overlay mode, drag disabled, window buttons hidden, title bar hidden
[2019.11.20-09.47.12:083][  0]LogSlate: Updating window title bar state: overlay mode, drag disabled, window buttons hidden, title bar hidden
[2019.11.20-09.47.12:091][  0]LogSlate: Updating window title bar state: overlay mode, drag disabled, window buttons hidden, title bar hidden
[2019.11.20-09.47.12:098][  0]LogSlate: Updating window title bar state: overlay mode, drag disabled, window buttons hidden, title bar hidden
[2019.11.20-09.47.12:447][  0]LogCollectionManager: Loaded 0 collections in 0.001805 seconds
[2019.11.20-09.47.12:844][  0]LogFileCache: Scanning file cache for directory 'D:/comp280-worksheet-3/BananaCollectorStarter/BananaCollectorStarter 4.22/Saved/Collections/' took 0.01s
[2019.11.20-09.47.12:844][  0]LogFileCache: Scanning file cache for directory 'D:/comp280-worksheet-3/BananaCollectorStarter/BananaCollectorStarter 4.22/Content/Developers/mo214885/Collections/' took 0.01s
[2019.11.20-09.47.12:844][  0]LogFileCache: Scanning file cache for directory 'D:/comp280-worksheet-3/BananaCollectorStarter/BananaCollectorStarter 4.22/Content/Collections/' took 0.01s
[2019.11.20-09.47.12:844][  0]LogCollectionManager: Rebuilt the GUID cache for 0 collections in 0.000001 seconds
[2019.11.20-09.47.12:861][  0]LogContentBrowser: Native class hierarchy populated in 0.0166 seconds. Added 2732 classes and 659 folders.
[2019.11.20-09.47.12:871][  0]LogContentBrowser: Native class hierarchy updated for 'WidgetCarousel' in 0.0003 seconds. Added 0 classes and 0 folders.
[2019.11.20-09.47.13:178][  0]LogPakFile: Registered encryption key '00000000000000000000000000000000': 0 pak files mounted, 0 remain pending
[2019.11.20-09.47.13:203][  0]LogPakFile: Registered encryption key '00000000000000000000000000000000': 0 pak files mounted, 0 remain pending
[2019.11.20-09.47.13:272][  0]LogPakFile: Registered encryption key '00000000000000000000000000000000': 0 pak files mounted, 0 remain pending
[2019.11.20-09.47.13:314][  0]LogPakFile: Registered encryption key '00000000000000000000000000000000': 0 pak files mounted, 0 remain pending
[2019.11.20-09.47.13:501][  0]LogPakFile: Registered encryption key '00000000000000000000000000000000': 0 pak files mounted, 0 remain pending
[2019.11.20-09.47.13:586][  0]LogPakFile: Registered encryption key '00000000000000000000000000000000': 0 pak files mounted, 0 remain pending
[2019.11.20-09.47.13:666][  0]LogPakFile: Registered encryption key '00000000000000000000000000000000': 0 pak files mounted, 0 remain pending
[2019.11.20-09.47.13:696][  0]LogPakFile: Registered encryption key '00000000000000000000000000000000': 0 pak files mounted, 0 remain pending
[2019.11.20-09.47.13:824][  0]LogPakFile: Registered encryption key '00000000000000000000000000000000': 0 pak files mounted, 0 remain pending
[2019.11.20-09.47.13:880][  0]LogPakFile: Registered encryption key '00000000000000000000000000000000': 0 pak files mounted, 0 remain pending
[2019.11.20-09.47.13:997][  0]LogPakFile: Registered encryption key '00000000000000000000000000000000': 0 pak files mounted, 0 remain pending
[2019.11.20-09.47.14:009][  0]LogPakFile: Registered encryption key '00000000000000000000000000000000': 0 pak files mounted, 0 remain pending
[2019.11.20-09.47.14:021][  0]LogPakFile: Registered encryption key '00000000000000000000000000000000': 0 pak files mounted, 0 remain pending
[2019.11.20-09.47.14:104][  0]LogPakFile: Registered encryption key '00000000000000000000000000000000': 0 pak files mounted, 0 remain pending
[2019.11.20-09.47.14:117][  0]LogPakFile: Registered encryption key '00000000000000000000000000000000': 0 pak files mounted, 0 remain pending
[2019.11.20-09.47.14:226][  0]LogPakFile: Registered encryption key '00000000000000000000000000000000': 0 pak files mounted, 0 remain pending
[2019.11.20-09.47.14:427][  0]LogPakFile: Registered encryption key '00000000000000000000000000000000': 0 pak files mounted, 0 remain pending
[2019.11.20-09.47.14:488][  0]LogPakFile: Registered encryption key '00000000000000000000000000000000': 0 pak files mounted, 0 remain pending
[2019.11.20-09.47.14:580][  0]LogPakFile: Registered encryption key '00000000000000000000000000000000': 0 pak files mounted, 0 remain pending
[2019.11.20-09.47.14:603][  0]LogPakFile: Registered encryption key '00000000000000000000000000000000': 0 pak files mounted, 0 remain pending
[2019.11.20-09.47.14:767][  0]LogPakFile: Registered encryption key '00000000000000000000000000000000': 0 pak files mounted, 0 remain pending
[2019.11.20-09.47.14:797][  0]LogPakFile: Registered encryption key '00000000000000000000000000000000': 0 pak files mounted, 0 remain pending
[2019.11.20-09.47.14:861][  0]LogPakFile: Registered encryption key '00000000000000000000000000000000': 0 pak files mounted, 0 remain pending
[2019.11.20-09.47.15:090][  0]LogPakFile: Registered encryption key '00000000000000000000000000000000': 0 pak files mounted, 0 remain pending
[2019.11.20-09.47.15:138][  0]LogPakFile: Registered encryption key '00000000000000000000000000000000': 0 pak files mounted, 0 remain pending
[2019.11.20-09.47.15:168][  0]LogPakFile: Registered encryption key '00000000000000000000000000000000': 0 pak files mounted, 0 remain pending
[2019.11.20-09.47.21:082][  0]LogContentBrowser: Native class hierarchy updated for 'AddContentDialog' in 0.0003 seconds. Added 0 classes and 0 folders.
[2019.11.20-09.47.21:178][  0]LogContentBrowser: Native class hierarchy updated for 'SceneOutliner' in 0.0003 seconds. Added 1 classes and 2 folders.
[2019.11.20-09.47.21:198][  0]LogSlate: Took 0.000250 seconds to synchronously load lazily loaded font '../../../Engine/Content/Slate/Fonts/Roboto-Regular.ttf' (155K)
[2019.11.20-09.47.21:200][  0]LogSlate: Took 0.000164 seconds to synchronously load lazily loaded font '../../../Engine/Content/Slate/Fonts/Roboto-Bold.ttf' (160K)
[2019.11.20-09.47.21:356][  0]LogSlate: Took 0.150786 seconds to synchronously load lazily loaded font '../../../Engine/Content/Editor/Slate/Fonts/FontAwesome.ttf' (139K)
[2019.11.20-09.47.22:103][  0]LogRenderer: Reallocating scene render targets to support 1208x572 Format 10 NumSamples 1 (Frame:1).
[2019.11.20-09.47.22:369][  0]LogContentBrowser: Native class hierarchy updated for 'HierarchicalLODOutliner' in 0.0003 seconds. Added 0 classes and 0 folders.
[2019.11.20-09.47.22:369][  0]LogLoad: (Engine Initialization) Total time: 23.27 seconds
[2019.11.20-09.47.22:369][  0]LogLoad: (Engine Initialization) Total Blueprint compile time: 0.00 seconds
[2019.11.20-09.47.22:401][  0]LogAssetRegistry: Asset discovery search completed in 18.9635 seconds
[2019.11.20-09.47.22:403][  0]LogCollectionManager: Rebuilt the object cache for 0 collections in 0.000000 seconds (found 0 objects)
[2019.11.20-09.47.22:403][  0]LogCollectionManager: Fixed up redirectors for 0 collections in 0.000059 seconds (updated 0 objects)
[2019.11.20-09.47.22:405][  0]LogContentStreaming: Texture pool size now 1000 MB
[2019.11.20-09.47.23:536][116]LogSlate: Took 0.131489 seconds to synchronously load lazily loaded font '../../../Engine/Content/Slate/Fonts/Roboto-Light.ttf' (167K)
[2019.11.20-09.47.53:837][735]LogSlate: FSceneViewport::OnFocusLost() reason 0
[2019.11.20-09.47.53:997][748]LogAssetEditorManager: Opening Asset editor for Material /Game/BananaCollector/Materials/M_Banana.M_Banana
[2019.11.20-09.47.54:012][748]LogMaterial: Display: Missing cached shader map for material M_Banana, compiling. 
[2019.11.20-09.47.55:119][748]LogMaterial: Display: Missing cached shader map for material M_Banana, compiling. 
[2019.11.20-09.47.55:138][748]LogMaterial: Display: Missing cached shader map for material M_Banana, compiling. 
[2019.11.20-09.47.55:186][748]LogMaterial: Display: Missing cached shader map for material FMatExpressionPreview MaterialExpressionTextureSample_0, compiling. 
[2019.11.20-09.47.55:263][748]LogAssetEditorManager: Opening Asset editor for Material /Game/BananaCollector/Materials/M_Cube.M_Cube
[2019.11.20-09.47.55:267][748]LogMaterial: Display: Missing cached shader map for material M_Cube, compiling. 
[2019.11.20-09.47.55:343][748]LogMaterial: Display: Missing cached shader map for material M_Cube, compiling. 
[2019.11.20-09.47.55:359][748]LogMaterial: Display: Missing cached shader map for material M_Cube, compiling. 
[2019.11.20-09.47.55:402][748]LogMaterial: Display: Missing cached shader map for material FMatExpressionPreview MaterialExpressionConstant3Vector_0, compiling. 
[2019.11.20-09.47.55:408][748]LogMaterial: Display: Missing cached shader map for material FMatExpressionPreview MaterialExpressionConstant3Vector_1, compiling. 
[2019.11.20-09.47.55:476][748]LogAssetEditorManager: Opening Asset editor for MaterialInstanceConstant /Game/BananaCollector/Materials/M_Banana_Green_Inst.M_Banana_Green_Inst
[2019.11.20-09.47.59:694][206]LogSlate: Took 0.031401 seconds to synchronously load lazily loaded font '../../../Engine/Content/Slate/Fonts/Roboto-BoldCondensed.ttf' (158K)
[2019.11.20-09.48.00:229][207]LogRenderer: Reallocating scene render targets to support 1336x920 Format 10 NumSamples 1 (Frame:3).
[2019.11.20-09.48.01:609][351]LogSlate: Took 0.028618 seconds to synchronously load lazily loaded font '../../../Engine/Content/Slate/Fonts/Roboto-Italic.ttf' (157K)
[2019.11.20-09.48.03:310][534]LogSlate: Window 'M_Banana' being destroyed
[2019.11.20-09.48.04:497][676]MaterialEditorStats: Base pass shader: 119 instructions
[2019.11.20-09.48.04:497][676]MaterialEditorStats: Base pass shader with Volumetric Lightmap: 193 instructions
[2019.11.20-09.48.04:497][676]MaterialEditorStats: Base pass vertex shader: 45 instructions
[2019.11.20-09.48.04:497][676]MaterialEditorStats: Texture samplers: 4/16
[2019.11.20-09.48.04:497][676]MaterialEditorStats: Texture Lookups (Est.): VS(0), PS(1)
[2019.11.20-09.48.04:497][676]MaterialEditorStats: User interpolators: 2/4 Scalars (1/4 Vectors) (TexCoords: 2, Custom: 0)
[2019.11.20-09.48.04:683][693]LogSlate: Took 0.000163 seconds to synchronously load lazily loaded font '../../../Engine/Content/Slate/Fonts/Roboto-Light.ttf' (167K)
[2019.11.20-09.48.19:839][376]MaterialEditorStats: Base pass shader: 111 instructions
[2019.11.20-09.48.19:839][376]MaterialEditorStats: Base pass shader with Volumetric Lightmap: 185 instructions
[2019.11.20-09.48.19:839][376]MaterialEditorStats: Base pass vertex shader: 41 instructions
[2019.11.20-09.48.19:839][376]MaterialEditorStats: Texture samplers: 3/16
[2019.11.20-09.48.53:529][330]LogGameProjectGeneration: Created new project with 4 files (plus project files)
[2019.11.20-09.48.53:540][330]LogSlate: Window 'New Project' being destroyed
[2019.11.20-09.48.53:547][331]Cmd: CLOSE_SLATE_MAINFRAME
[2019.11.20-09.48.53:604][331]LogUObjectHash: Compacting FUObjectHashTables data took   1.28ms
[2019.11.20-09.48.53:914][331]LogSlate: Window 'BananaCollector - Unreal Editor' being destroyed
[2019.11.20-09.48.53:914][331]LogWindowsTextInputMethodSystem: Display: IME system now deactivated.
[2019.11.20-09.48.54:248][332]Cmd: QUIT_EDITOR
[2019.11.20-09.48.54:478][332]LogExit: Preparing to exit.
[2019.11.20-09.48.55:340][332]LogExit: Editor shut down
[2019.11.20-09.48.55:340][332]LogExit: Transaction tracking system shut down
[2019.11.20-09.48.55:549][332]LogExit: Object subsystem successfully closed.
[2019.11.20-09.48.55:567][332]LogShaderCompilers: Display: Shaders left to compile 0
[2019.11.20-09.48.55:568][332]LogD3D11RHI: Shutdown
[2019.11.20-09.48.55:568][332]LogD3D11RHI: CleanupD3DDevice
[2019.11.20-09.48.55:569][332]LogRendererCore: FGlobalReadBuffer::ReleaseRHI
[2019.11.20-09.48.55:569][332]LogRendererCore: FGlobalDynamicReadBuffer::Cleanup()
[2019.11.20-09.48.55:569][332]LogRendererCore: FGlobalReadBuffer::ReleaseRHI
[2019.11.20-09.48.55:569][332]LogRendererCore: FGlobalDynamicReadBuffer::Cleanup()
[2019.11.20-09.48.55:569][332]LogRendererCore: FGlobalReadBuffer::ReleaseRHI
[2019.11.20-09.48.55:569][332]LogRendererCore: FGlobalDynamicReadBuffer::Cleanup()
[2019.11.20-09.48.55:663][332]LogD3D11RHI: ~FD3D11DynamicRHI
[2019.11.20-09.48.55:688][332]LogModuleManager: Shutting down and abandoning module HierarchicalLODOutliner (644)
[2019.11.20-09.48.55:688][332]LogModuleManager: Shutting down and abandoning module SceneOutliner (642)
[2019.11.20-09.48.55:688][332]LogModuleManager: Shutting down and abandoning module AddContentDialog (640)
[2019.11.20-09.48.55:689][332]LogModuleManager: Shutting down and abandoning module WidgetCarousel (639)
[2019.11.20-09.48.55:689][332]LogModuleManager: Shutting down and abandoning module EditorWidgets (636)
[2019.11.20-09.48.55:689][332]LogModuleManager: Shutting down and abandoning module CollectionManager (634)
[2019.11.20-09.48.55:689][332]LogModuleManager: Shutting down and abandoning module MeshBuilder (632)
[2019.11.20-09.48.55:689][332]LogModuleManager: Shutting down and abandoning module StatsViewer (630)
[2019.11.20-09.48.55:689][332]LogModuleManager: Shutting down and abandoning module FoliageEdit (628)
[2019.11.20-09.48.55:689][332]LogModuleManager: Shutting down and abandoning module LandscapeEditor (626)
[2019.11.20-09.48.55:689][332]LogModuleManager: Shutting down and abandoning module MeshPaintMode (624)
[2019.11.20-09.48.55:689][332]LogModuleManager: Shutting down and abandoning module SceneDepthPickerMode (622)
[2019.11.20-09.48.55:689][332]LogModuleManager: Shutting down and abandoning module ActorPickerMode (620)
[2019.11.20-09.48.55:689][332]LogModuleManager: Shutting down and abandoning module GeometryMode (618)
[2019.11.20-09.48.55:689][332]LogModuleManager: Shutting down and abandoning module TextureAlignMode (616)
[2019.11.20-09.48.55:689][332]LogModuleManager: Shutting down and abandoning module BspMode (614)
[2019.11.20-09.48.55:690][332]LogModuleManager: Shutting down and abandoning module PIEPreviewDeviceProfileSelector (612)
[2019.11.20-09.48.55:690][332]LogModuleManager: Shutting down and abandoning module SequenceRecorderSections (610)
[2019.11.20-09.48.55:690][332]LogModuleManager: Shutting down and abandoning module AutomationWorker (608)
[2019.11.20-09.48.55:690][332]LogModuleManager: Shutting down and abandoning module OculusMR (606)
[2019.11.20-09.48.55:690][332]LogModuleManager: Shutting down and abandoning module AudioCaptureEditor (604)
[2019.11.20-09.48.55:690][332]LogModuleManager: Shutting down and abandoning module MatineeToLevelSequence (602)
[2019.11.20-09.48.55:690][332]LogModuleManager: Shutting down and abandoning module LevelSequenceEditor (600)
[2019.11.20-09.48.55:690][332]LogModuleManager: Shutting down and abandoning module PlacementMode (599)
[2019.11.20-09.48.55:690][332]LogModuleManager: Shutting down and abandoning module MaterialEditor (598)
[2019.11.20-09.48.55:690][332]LogModuleManager: Shutting down and abandoning module ActorSequenceEditor (594)
[2019.11.20-09.48.55:690][332]LogModuleManager: Shutting down and abandoning module WmfMediaFactory (592)
[2019.11.20-09.48.55:690][332]LogModuleManager: Shutting down and abandoning module WmfMediaEditor (590)
[2019.11.20-09.48.55:690][332]LogModuleManager: Shutting down and abandoning module WebMMediaFactory (588)
[2019.11.20-09.48.55:690][332]LogModuleManager: Shutting down and abandoning module WebMMediaEditor (586)
[2019.11.20-09.48.55:690][332]LogModuleManager: Shutting down and abandoning module WebMMedia (584)
[2019.11.20-09.48.55:690][332]LogModuleManager: Shutting down and abandoning module MediaPlayerEditor (582)
[2019.11.20-09.48.55:690][332]LogModuleManager: Shutting down and abandoning module MediaCompositingEditor (580)
[2019.11.20-09.48.55:690][332]LogModuleManager: Shutting down and abandoning module SequenceRecorder (579)
[2019.11.20-09.48.55:690][332]LogModuleManager: Shutting down and abandoning module OpenExrWrapper (576)
[2019.11.20-09.48.55:690][332]LogModuleManager: Shutting down and abandoning module ImgMediaFactory (574)
[2019.11.20-09.48.55:690][332]LogModuleManager: Shutting down and abandoning module ImgMediaEditor (572)
[2019.11.20-09.48.55:690][332]LogModuleManager: Shutting down and abandoning module AvfMediaFactory (570)
[2019.11.20-09.48.55:690][332]LogModuleManager: Shutting down and abandoning module AvfMediaEditor (568)
[2019.11.20-09.48.55:690][332]LogModuleManager: Shutting down and abandoning module AndroidMediaFactory (566)
[2019.11.20-09.48.55:690][332]LogModuleManager: Shutting down and abandoning module AndroidMediaEditor (564)
[2019.11.20-09.48.55:690][332]LogModuleManager: Shutting down and abandoning module MagicLeapCameraPreviewFactory (562)
[2019.11.20-09.48.55:690][332]LogModuleManager: Shutting down and abandoning module MagicLeapMediaCodecFactory (560)
[2019.11.20-09.48.55:690][332]LogModuleManager: Shutting down and abandoning module MagicLeapMediaFactory (558)
[2019.11.20-09.48.55:690][332]LogModuleManager: Shutting down and abandoning module MagicLeapMediaEditor (556)
[2019.11.20-09.48.55:690][332]LogModuleManager: Shutting down and abandoning module CharacterAI (554)
[2019.11.20-09.48.55:690][332]LogModuleManager: Shutting down and abandoning module SmartSnapping (552)
[2019.11.20-09.48.55:690][332]LogModuleManager: Shutting down and abandoning module SessionServices (550)
[2019.11.20-09.48.55:690][332]LogModuleManager: Shutting down and abandoning module MeshPaint (548)
[2019.11.20-09.48.55:690][332]LogModuleManager: Shutting down and abandoning module ViewportSnapping (546)
[2019.11.20-09.48.55:690][332]LogModuleManager: Shutting down and abandoning module ViewportInteraction (544)
[2019.11.20-09.48.55:690][332]LogModuleManager: Shutting down and abandoning module ClothPainter (542)
[2019.11.20-09.48.55:690][332]LogModuleManager: Shutting down and abandoning module SkeletalMeshEditor (541)
[2019.11.20-09.48.55:690][332]LogModuleManager: Shutting down and abandoning module LogVisualizer (538)
[2019.11.20-09.48.55:690][332]LogModuleManager: Shutting down and abandoning module IntroTutorials (536)
[2019.11.20-09.48.55:691][332]LogModuleManager: Shutting down and abandoning module GameProjectGeneration (535)
[2019.11.20-09.48.55:691][332]LogModuleManager: Shutting down and abandoning module LuminPlatformEditor (532)
[2019.11.20-09.48.55:691][332]LogModuleManager: Shutting down and abandoning module IOSPlatformEditor (530)
[2019.11.20-09.48.55:691][332]LogModuleManager: Shutting down and abandoning module HTML5PlatformEditor (528)
[2019.11.20-09.48.55:691][332]LogModuleManager: Shutting down and abandoning module AndroidPlatformEditor (526)
[2019.11.20-09.48.55:691][332]LogModuleManager: Shutting down and abandoning module AndroidDeviceDetection (525)
[2019.11.20-09.48.56:540][332]LogModuleManager: Shutting down and abandoning module WindowsPlatformEditor (522)
[2019.11.20-09.48.56:540][332]LogModuleManager: Shutting down and abandoning module LuminRuntimeSettings (520)
[2019.11.20-09.48.56:540][332]LogModuleManager: Shutting down and abandoning module IOSRuntimeSettings (518)
[2019.11.20-09.48.56:540][332]LogModuleManager: Shutting down and abandoning module AndroidRuntimeSettings (516)
[2019.11.20-09.48.56:540][332]LogModuleManager: Shutting down and abandoning module TimeManagementEditor (514)
[2019.11.20-09.48.56:540][332]LogModuleManager: Shutting down and abandoning module InputBindingEditor (512)
[2019.11.20-09.48.56:540][332]LogModuleManager: Shutting down and abandoning module MergeActors (510)
[2019.11.20-09.48.56:540][332]LogModuleManager: Shutting down and abandoning module LocalizationDashboard (508)
[2019.11.20-09.48.56:540][332]LogModuleManager: Shutting down and abandoning module LocalizationService (507)
[2019.11.20-09.48.56:540][332]LogModuleManager: Shutting down and abandoning module HardwareTargeting (504)
[2019.11.20-09.48.56:540][332]LogModuleManager: Shutting down and abandoning module DeviceProfileEditor (502)
[2019.11.20-09.48.56:541][332]LogModuleManager: Shutting down and abandoning module UndoHistory (500)
[2019.11.20-09.48.56:541][332]LogModuleManager: Shutting down and abandoning module XmlParser (498)
[2019.11.20-09.48.56:541][332]LogModuleManager: Shutting down and abandoning module Blutility (496)
[2019.11.20-09.48.56:541][332]LogModuleManager: Shutting down and abandoning module ProjectSettingsViewer (494)
[2019.11.20-09.48.56:541][332]LogModuleManager: Shutting down and abandoning module ProjectTargetPlatformEditor (493)
[2019.11.20-09.48.56:541][332]LogModuleManager: Shutting down and abandoning module EditorSettingsViewer (490)
[2019.11.20-09.48.56:541][332]LogModuleManager: Shutting down and abandoning module SettingsEditor (488)
[2019.11.20-09.48.56:541][332]LogModuleManager: Shutting down and abandoning module ProjectLauncher (486)
[2019.11.20-09.48.56:541][332]LogModuleManager: Shutting down and abandoning module SessionFrontend (484)
[2019.11.20-09.48.56:541][332]LogModuleManager: Shutting down and abandoning module ProfilerClient (482)
[2019.11.20-09.48.56:541][332]LogModuleManager: Shutting down and abandoning module DeviceManager (480)
[2019.11.20-09.48.56:541][332]LogModuleManager: Shutting down and abandoning module TargetDeviceServices (479)
[2019.11.20-09.48.56:607][332]LogModuleManager: Shutting down and abandoning module AutomationController (476)
[2019.11.20-09.48.56:607][332]LogModuleManager: Shutting down and abandoning module AutomationWindow (474)
[2019.11.20-09.48.56:607][332]LogModuleManager: Shutting down and abandoning module Layers (472)
[2019.11.20-09.48.56:607][332]LogModuleManager: Shutting down and abandoning module ComponentVisualizers (470)
[2019.11.20-09.48.56:607][332]LogModuleManager: Shutting down and abandoning module DetailCustomizations (468)
[2019.11.20-09.48.56:607][332]LogModuleManager: Shutting down and abandoning module PackagesDialog (466)
[2019.11.20-09.48.56:607][332]LogModuleManager: Shutting down and abandoning module AnimationBlueprintEditor (464)
[2019.11.20-09.48.56:607][332]LogModuleManager: Shutting down and abandoning module Persona (462)
[2019.11.20-09.48.56:607][332]LogModuleManager: Shutting down and abandoning module AdvancedPreviewScene (461)
[2019.11.20-09.48.56:607][332]LogModuleManager: Shutting down and abandoning module AnimGraph (459)
[2019.11.20-09.48.56:607][332]LogModuleManager: Shutting down and abandoning module Kismet (456)
[2019.11.20-09.48.56:607][332]LogModuleManager: Shutting down and abandoning module GraphEditor (454)
[2019.11.20-09.48.56:607][332]LogModuleManager: Shutting down and abandoning module ClassViewer (452)
[2019.11.20-09.48.56:607][332]LogModuleManager: Shutting down and abandoning module Toolbox (450)
[2019.11.20-09.48.56:607][332]LogModuleManager: Shutting down and abandoning module ModuleUI (448)
[2019.11.20-09.48.56:607][332]LogModuleManager: Shutting down and abandoning module MovieSceneTools (446)
[2019.11.20-09.48.56:607][332]LogModuleManager: Shutting down and abandoning module OutputLog (444)
[2019.11.20-09.48.56:607][332]LogModuleManager: Shutting down and abandoning module GammaUI (442)
[2019.11.20-09.48.56:607][332]LogModuleManager: Shutting down and abandoning module Documentation (440)
[2019.11.20-09.48.56:607][332]LogModuleManager: Shutting down and abandoning module LiveCoding (438)
[2019.11.20-09.48.56:608][332]LogModuleManager: Shutting down and abandoning module LevelSequence (436)
[2019.11.20-09.48.56:608][332]LogModuleManager: Shutting down and abandoning module MovieSceneTracks (434)
[2019.11.20-09.48.56:608][332]LogModuleManager: Shutting down and abandoning module MovieScene (432)
[2019.11.20-09.48.56:608][332]LogModuleManager: Shutting down and abandoning module StreamingPauseRendering (430)
[2019.11.20-09.48.56:608][332]LogModuleManager: Shutting down and abandoning module LauncherPlatform (428)
[2019.11.20-09.48.56:608][332]LogModuleManager: Shutting down and abandoning module AnalyticsET (426)
[2019.11.20-09.48.56:608][332]LogModuleManager: Shutting down and abandoning module PortalServices (424)
[2019.11.20-09.48.56:608][332]LogModuleManager: Shutting down and abandoning module PortalRpc (422)
[2019.11.20-09.48.56:608][332]LogModuleManager: Shutting down and abandoning module MessagingRpc (420)
[2019.11.20-09.48.56:608][332]LogModuleManager: Shutting down and abandoning module AIModule (418)
[2019.11.20-09.48.56:608][332]LogModuleManager: Shutting down and abandoning module GameplayDebugger (417)
[2019.11.20-09.48.56:608][332]LogModuleManager: Shutting down and abandoning module AITestSuite (415)
[2019.11.20-09.48.56:608][332]LogModuleManager: Shutting down and abandoning module NavigationSystem (413)
[2019.11.20-09.48.56:608][332]LogModuleManager: Shutting down and abandoning module DesktopPlatform (410)
[2019.11.20-09.48.56:608][332]LogModuleManager: Shutting down and abandoning module ImageWriteQueue (408)
[2019.11.20-09.48.56:611][332]LogModuleManager: Shutting down and abandoning module ProfilerService (406)
[2019.11.20-09.48.56:782][332]LogModuleManager: Shutting down and abandoning module TaskGraph (404)
[2019.11.20-09.48.56:782][332]LogModuleManager: Shutting down and abandoning module SteamVRController (402)
[2019.11.20-09.48.56:782][332]LogModuleManager: Shutting down and abandoning module ProceduralMeshComponentEditor (400)
[2019.11.20-09.48.56:782][332]LogModuleManager: Shutting down and abandoning module ProceduralMeshComponent (398)
[2019.11.20-09.48.56:782][332]LogModuleManager: Shutting down and abandoning module OculusEditor (396)
[2019.11.20-09.48.56:782][332]LogModuleManager: Shutting down and abandoning module OculusInput (394)
[2019.11.20-09.48.56:782][332]LogModuleManager: Shutting down and abandoning module MobilePatchingUtils (392)
[2019.11.20-09.48.56:782][332]LogModuleManager: Shutting down and abandoning module EditableMesh (390)
[2019.11.20-09.48.56:783][332]LogModuleManager: Shutting down and abandoning module CustomMeshComponent (388)
[2019.11.20-09.48.56:783][332]LogModuleManager: Shutting down and abandoning module CableComponent (386)
[2019.11.20-09.48.56:783][332]LogModuleManager: Shutting down and abandoning module AudioCapture (384)
[2019.11.20-09.48.56:783][332]LogModuleManager: Shutting down and abandoning module ArchVisCharacter (382)
[2019.11.20-09.48.56:783][332]LogModuleManager: Shutting down and abandoning module AndroidPermission (380)
[2019.11.20-09.48.56:783][332]LogModuleManager: Shutting down and abandoning module NUTUnrealEngine4 (378)
[2019.11.20-09.48.56:783][332]LogModuleManager: Shutting down and abandoning module NetcodeUnitTest (376)
[2019.11.20-09.48.56:783][332]LogModuleManager: Shutting down and abandoning module MediaCompositing (374)
[2019.11.20-09.48.56:783][332]LogModuleManager: Shutting down and abandoning module LinearTimecode (372)
[2019.11.20-09.48.56:783][332]LogModuleManager: Shutting down and abandoning module ImgMedia (370)
[2019.11.20-09.48.56:783][332]LogModuleManager: Shutting down and abandoning module MagicLeapHelperVulkan (368)
[2019.11.20-09.48.56:783][332]LogModuleManager: Shutting down and abandoning module MagicLeapHelperOpenGL (366)
[2019.11.20-09.48.56:783][332]LogModuleManager: Shutting down and abandoning module MagicLeapAudio (364)
[2019.11.20-09.48.56:783][332]LogModuleManager: Shutting down and abandoning module HTML5Networking (362)
[2019.11.20-09.48.56:783][332]LogModuleManager: Shutting down and abandoning module GeometryCacheTracks (360)
[2019.11.20-09.48.56:783][332]LogModuleManager: Shutting down and abandoning module GeometryCacheSequencer (358)
[2019.11.20-09.48.56:783][332]LogModuleManager: Shutting down and abandoning module BackChannel (356)
[2019.11.20-09.48.56:783][332]LogModuleManager: Shutting down and abandoning module AppleVision (354)
[2019.11.20-09.48.56:783][332]LogModuleManager: Shutting down and abandoning module AppleImageUtilsBlueprintSupport (352)
[2019.11.20-09.48.56:783][332]LogModuleManager: Shutting down and abandoning module AppleImageUtils (350)
[2019.11.20-09.48.56:783][332]LogModuleManager: Shutting down and abandoning module AlembicImporter (348)
[2019.11.20-09.48.56:783][332]LogModuleManager: Shutting down and abandoning module AlembicLibrary (347)
[2019.11.20-09.48.56:783][332]LogModuleManager: Shutting down and abandoning module GeometryCache (346)
[2019.11.20-09.48.56:783][332]LogModuleManager: Shutting down and abandoning module GeometryCacheEd (345)
[2019.11.20-09.48.56:783][332]LogModuleManager: Shutting down and abandoning module VariantManagerContent (340)
[2019.11.20-09.48.56:783][332]LogModuleManager: Shutting down and abandoning module DatasmithContentEditor (338)
[2019.11.20-09.48.56:783][332]LogModuleManager: Shutting down and abandoning module SpeedTreeImporter (336)
[2019.11.20-09.48.56:783][332]LogModuleManager: Shutting down and abandoning module PluginBrowser (334)
[2019.11.20-09.48.56:783][332]LogModuleManager: Shutting down and abandoning module MobileLauncherProfileWizard (332)
[2019.11.20-09.48.56:783][332]LogModuleManager: Shutting down and abandoning module MaterialAnalyzer (330)
[2019.11.20-09.48.56:783][332]LogModuleManager: Shutting down and abandoning module CryptoKeysOpenSSL (328)
[2019.11.20-09.48.56:783][332]LogModuleManager: Shutting down and abandoning module CryptoKeys (326)
[2019.11.20-09.48.56:783][332]LogModuleManager: Shutting down and abandoning module VisualStudioSourceCodeAccess (324)
[2019.11.20-09.48.56:783][332]LogModuleManager: Shutting down and abandoning module VisualStudioCodeSourceCodeAccess (322)
[2019.11.20-09.48.56:783][332]LogModuleManager: Shutting down and abandoning module UObjectPlugin (320)
[2019.11.20-09.48.56:783][332]LogModuleManager: Shutting down and abandoning module SubversionSourceControl (318)
[2019.11.20-09.48.56:783][332]LogModuleManager: Shutting down and abandoning module PerforceSourceControl (316)
[2019.11.20-09.48.56:783][332]LogModuleManager: Shutting down and abandoning module GitSourceControl (314)
[2019.11.20-09.48.56:783][332]LogModuleManager: Shutting down and abandoning module SourceControl (313)
[2019.11.20-09.48.56:783][332]LogModuleManager: Shutting down and abandoning module CLionSourceCodeAccess (310)
[2019.11.20-09.48.56:783][332]LogModuleManager: Shutting down and abandoning module AnimationSharingEd (308)
[2019.11.20-09.48.56:783][332]LogModuleManager: Shutting down and abandoning module ActorLayerUtilitiesEditor (306)
[2019.11.20-09.48.56:783][332]LogModuleManager: Shutting down and abandoning module ActorLayerUtilities (304)
[2019.11.20-09.48.56:783][332]LogModuleManager: Shutting down and abandoning module LightPropagationVolumeEditor (302)
[2019.11.20-09.48.56:784][332]LogModuleManager: Shutting down and abandoning module PaperTiledImporter (300)
[2019.11.20-09.48.56:784][332]LogModuleManager: Shutting down and abandoning module PaperSpriteSheetImporter (298)
[2019.11.20-09.48.56:784][332]LogModuleManager: Shutting down and abandoning module Paper2DEditor (296)
[2019.11.20-09.48.56:784][332]LogModuleManager: Shutting down and abandoning module SignificanceManager (294)
[2019.11.20-09.48.56:784][332]LogModuleManager: Shutting down and abandoning module RuntimePhysXCooking (292)
[2019.11.20-09.48.56:784][332]LogModuleManager: Shutting down and abandoning module PhysXVehiclesEditor (290)
[2019.11.20-09.48.56:784][332]LogModuleManager: Shutting down and abandoning module PhysXVehicles (288)
[2019.11.20-09.48.56:784][332]LogModuleManager: Shutting down and abandoning module LocationServicesBPLibrary (286)
[2019.11.20-09.48.56:784][332]LogModuleManager: Shutting down and abandoning module ActorSequence (284)
[2019.11.20-09.48.56:784][332]LogModuleManager: Shutting down and abandoning module UdpMessaging (282)
[2019.11.20-09.48.56:885][332]LogModuleManager: Shutting down and abandoning module TcpMessaging (280)
[2019.11.20-09.48.56:986][332]LogModuleManager: Shutting down and abandoning module MagicLeapIdentity (278)
[2019.11.20-09.48.56:986][332]LogModuleManager: Shutting down and abandoning module MagicLeapSecureStorage (276)
[2019.11.20-09.48.56:986][332]LogModuleManager: Shutting down and abandoning module MagicLeapHandTracking (274)
[2019.11.20-09.48.56:986][332]LogModuleManager: Shutting down and abandoning module MagicLeapEyeTracker (272)
[2019.11.20-09.48.56:986][332]LogModuleManager: Shutting down and abandoning module MagicLeapController (270)
[2019.11.20-09.48.56:986][332]LogSlate: Slate User Destroyed.  User Index 0, Is Virtual User: 0
[2019.11.20-09.48.56:986][332]LogModuleManager: Shutting down and abandoning module MagicLeapAR (268)
[2019.11.20-09.48.56:986][332]LogModuleManager: Shutting down and abandoning module AugmentedReality (267)
[2019.11.20-09.48.56:986][332]LogModuleManager: Shutting down and abandoning module GameplayTagsEditor (264)
[2019.11.20-09.48.56:991][332]LogModuleManager: Shutting down and abandoning module FacialAnimationEditor (262)
[2019.11.20-09.48.56:991][332]LogModuleManager: Shutting down and abandoning module FacialAnimation (260)
[2019.11.20-09.48.56:991][332]LogModuleManager: Shutting down and abandoning module DataValidation (258)
[2019.11.20-09.48.56:991][332]LogModuleManager: Shutting down and abandoning module AssetManagerEditor (256)
[2019.11.20-09.48.56:991][332]LogModuleManager: Shutting down and abandoning module LevelEditor (255)
[2019.11.20-09.48.56:992][332]LogModuleManager: Shutting down and abandoning module PixelInspectorModule (254)
[2019.11.20-09.48.56:992][332]LogModuleManager: Shutting down and abandoning module CommonMenuExtensions (252)
[2019.11.20-09.48.56:993][332]LogModuleManager: Shutting down and abandoning module MainFrame (250)
[2019.11.20-09.48.56:993][332]LogModuleManager: Shutting down and abandoning module HotReload (249)
[2019.11.20-09.48.56:993][332]LogModuleManager: Shutting down and abandoning module ContentBrowser (245)
[2019.11.20-09.48.56:994][332]LogModuleManager: Shutting down and abandoning module TreeMap (243)
[2019.11.20-09.48.56:994][332]LogModuleManager: Shutting down and abandoning module AnimationSharing (240)
[2019.11.20-09.48.56:994][332]LogModuleManager: Shutting down and abandoning module LightPropagationVolumeRuntime (238)
[2019.11.20-09.48.56:994][332]LogModuleManager: Shutting down and abandoning module AISupportModule (236)
[2019.11.20-09.48.56:994][332]LogModuleManager: Shutting down and abandoning module Paper2D (234)
[2019.11.20-09.48.56:994][332]LogModuleManager: Shutting down and abandoning module WindowsMoviePlayer (232)
[2019.11.20-09.48.56:994][332]LogModuleManager: Shutting down and abandoning module WebMMoviePlayer (230)
[2019.11.20-09.48.56:994][332]LogModuleManager: Shutting down and abandoning module PacketHandler (228)
[2019.11.20-09.48.56:994][332]LogModuleManager: Shutting down and abandoning module ClothingSystemEditor (226)
[2019.11.20-09.48.56:994][332]LogModuleManager: Shutting down and abandoning module ClothingSystemRuntime (224)
[2019.11.20-09.48.56:994][332]LogModuleManager: Shutting down and abandoning module MediaAssets (222)
[2019.11.20-09.48.56:994][332]LogModuleManager: Shutting down and abandoning module Overlay (220)
[2019.11.20-09.48.56:994][332]LogModuleManager: Shutting down and abandoning module OverlayEditor (219)
[2019.11.20-09.48.56:994][332]LogModuleManager: Shutting down and abandoning module VREditor (216)
[2019.11.20-09.48.56:994][332]LogModuleManager: Shutting down and abandoning module StringTableEditor (214)
[2019.11.20-09.48.56:995][332]LogModuleManager: Shutting down and abandoning module GameplayTasksEditor (212)
[2019.11.20-09.48.56:995][332]LogModuleManager: Shutting down and abandoning module BehaviorTreeEditor (210)
[2019.11.20-09.48.56:995][332]LogModuleManager: Shutting down and abandoning module FunctionalTesting (208)
[2019.11.20-09.48.56:995][332]LogModuleManager: Shutting down and abandoning module CollisionAnalyzer (206)
[2019.11.20-09.48.56:995][332]LogModuleManager: Shutting down and abandoning module WorkspaceMenuStructure (205)
[2019.11.20-09.48.56:995][332]LogModuleManager: Shutting down and abandoning module UMG (202)
[2019.11.20-09.48.56:995][332]LogModuleManager: Shutting down and abandoning module UMGEditor (201)
[2019.11.20-09.48.56:995][332]LogModuleManager: Shutting down and abandoning module Sequencer (200)
[2019.11.20-09.48.56:995][332]LogModuleManager: Shutting down and abandoning module MessageLog (197)
[2019.11.20-09.48.56:995][332]LogModuleManager: Shutting down and abandoning module SlateReflector (192)
[2019.11.20-09.48.56:995][332]LogModuleManager: Shutting down and abandoning module Slate (190)
[2019.11.20-09.48.56:995][332]LogModuleManager: Shutting down and abandoning module EditorStyle (188)
[2019.11.20-09.48.56:996][332]LogModuleManager: Shutting down and abandoning module UnrealEd (186)
[2019.11.20-09.48.56:996][332]LogModuleManager: Shutting down and abandoning module MRMesh (184)
[2019.11.20-09.48.56:996][332]LogModuleManager: Shutting down and abandoning module SourceCodeAccess (182)
[2019.11.20-09.48.56:996][332]LogModuleManager: Shutting down and abandoning module HeadMountedDisplay (180)
[2019.11.20-09.48.56:996][332]LogModuleManager: Shutting down and abandoning module XAudio2 (178)
[2019.11.20-09.48.56:997][332]LogModuleManager: Shutting down and abandoning module Networking (176)
[2019.11.20-09.48.56:997][332]LogModuleManager: Shutting down and abandoning module Core (174)
[2019.11.20-09.48.56:997][332]LogModuleManager: Shutting down and abandoning module KismetCompiler (172)
[2019.11.20-09.48.56:997][332]LogModuleManager: Shutting down and abandoning module MeshUtilities (170)
[2019.11.20-09.48.56:997][332]LogModuleManager: Shutting down and abandoning module MeshMergeUtilities (169)
[2019.11.20-09.48.56:997][332]LogModuleManager: Shutting down and abandoning module MeshReductionInterface (168)
[2019.11.20-09.48.56:997][332]LogModuleManager: Shutting down and abandoning module SkeletalMeshReduction (167)
[2019.11.20-09.48.56:997][332]LogModuleManager: Shutting down and abandoning module ProxyLODMeshReduction (165)
[2019.11.20-09.48.56:997][332]LogModuleManager: Shutting down and abandoning module QuadricMeshReduction (163)
[2019.11.20-09.48.56:997][332]LogModuleManager: Shutting down and abandoning module MaterialBaking (159)
[2019.11.20-09.48.56:997][332]LogModuleManager: Shutting down and abandoning module DerivedDataCache (154)
[2019.11.20-09.48.57:025][332]LogDerivedDataCache: Shutdown
[2019.11.20-09.48.57:025][332]LogModuleManager: Shutting down and abandoning module XGEController (152)
[2019.11.20-09.48.57:025][332]LogModuleManager: Shutting down and abandoning module TargetPlatform (150)
[2019.11.20-09.48.57:025][332]LogModuleManager: Shutting down and abandoning module VulkanShaderFormat (149)
[2019.11.20-09.48.57:026][332]LogModuleManager: Shutting down and abandoning module ShaderFormatVectorVM (147)
[2019.11.20-09.48.57:026][332]LogModuleManager: Shutting down and abandoning module ShaderFormatOpenGL (145)
[2019.11.20-09.48.57:026][332]LogModuleManager: Shutting down and abandoning module ShaderFormatD3D (143)
[2019.11.20-09.48.57:026][332]LogModuleManager: Shutting down and abandoning module MetalShaderFormat (141)
[2019.11.20-09.48.57:026][332]LogModuleManager: Shutting down and abandoning module TextureFormatUncompressed (139)
[2019.11.20-09.48.57:026][332]LogModuleManager: Shutting down and abandoning module TextureFormatPVR (137)
[2019.11.20-09.48.57:026][332]LogModuleManager: Shutting down and abandoning module TextureFormatDXT (135)
[2019.11.20-09.48.57:026][332]LogModuleManager: Shutting down and abandoning module TextureFormatIntelISPCTexComp (133)
[2019.11.20-09.48.57:026][332]LogModuleManager: Shutting down and abandoning module TextureFormatASTC (131)
[2019.11.20-09.48.57:026][332]LogModuleManager: Shutting down and abandoning module ImageWrapper (130)
[2019.11.20-09.48.57:026][332]LogModuleManager: Shutting down and abandoning module TextureFormatAndroid (127)
[2019.11.20-09.48.57:026][332]LogModuleManager: Shutting down and abandoning module AudioFormatOpus (125)
[2019.11.20-09.48.57:026][332]LogModuleManager: Shutting down and abandoning module AudioFormatOgg (123)
[2019.11.20-09.48.57:026][332]LogModuleManager: Shutting down and abandoning module AudioFormatADPCM (121)
[2019.11.20-09.48.57:026][332]LogModuleManager: Shutting down and abandoning module LuminTargetPlatform (119)
[2019.11.20-09.48.57:027][332]LogModuleManager: Shutting down and abandoning module LinuxTargetPlatform (117)
[2019.11.20-09.48.57:027][332]LogModuleManager: Shutting down and abandoning module LinuxServerTargetPlatform (115)
[2019.11.20-09.48.57:027][332]LogModuleManager: Shutting down and abandoning module LinuxNoEditorTargetPlatform (113)
[2019.11.20-09.48.57:027][332]LogModuleManager: Shutting down and abandoning module LinuxClientTargetPlatform (111)
[2019.11.20-09.48.57:027][332]LogModuleManager: Shutting down and abandoning module TVOSTargetPlatform (109)
[2019.11.20-09.48.57:028][332]LogModuleManager: Shutting down and abandoning module Messaging (107)
[2019.11.20-09.48.57:028][332]LogModuleManager: Shutting down and abandoning module IOSTargetPlatform (105)
[2019.11.20-09.48.57:028][332]LogModuleManager: Shutting down and abandoning module HTML5TargetPlatform (103)
[2019.11.20-09.48.57:028][332]LogModuleManager: Shutting down and abandoning module AndroidTargetPlatform (101)
[2019.11.20-09.48.57:033][332]LogModuleManager: Shutting down and abandoning module WindowsTargetPlatform (99)
[2019.11.20-09.48.57:033][332]LogModuleManager: Shutting down and abandoning module WindowsServerTargetPlatform (97)
[2019.11.20-09.48.57:033][332]LogModuleManager: Shutting down and abandoning module WindowsNoEditorTargetPlatform (95)
[2019.11.20-09.48.57:033][332]LogModuleManager: Shutting down and abandoning module WindowsClientTargetPlatform (93)
[2019.11.20-09.48.57:033][332]LogModuleManager: Shutting down and abandoning module MacTargetPlatform (91)
[2019.11.20-09.48.57:033][332]LogModuleManager: Shutting down and abandoning module MacServerTargetPlatform (89)
[2019.11.20-09.48.57:033][332]LogModuleManager: Shutting down and abandoning module MacNoEditorTargetPlatform (87)
[2019.11.20-09.48.57:033][332]LogModuleManager: Shutting down and abandoning module MacClientTargetPlatform (85)
[2019.11.20-09.48.57:033][332]LogModuleManager: Shutting down and abandoning module AllDesktopTargetPlatform (83)
[2019.11.20-09.48.57:033][332]LogModuleManager: Shutting down and abandoning module InputCore (80)
[2019.11.20-09.48.57:033][332]LogModuleManager: Shutting down and abandoning module Settings (78)
[2019.11.20-09.48.57:033][332]LogModuleManager: Shutting down and abandoning module DirectoryWatcher (76)
[2019.11.20-09.48.57:034][332]LogModuleManager: Shutting down and abandoning module PhysXCooking (74)
[2019.11.20-09.48.57:034][332]LogModuleManager: Shutting down and abandoning module SteamVR (72)
[2019.11.20-09.48.57:034][332]LogHMD: Freeing OpenVRDLLHandle.
[2019.11.20-09.48.57:034][332]LogModuleManager: Shutting down and abandoning module OculusHMD (70)
[2019.11.20-09.48.57:034][332]LogModuleManager: Shutting down and abandoning module ExampleDeviceProfileSelector (68)
[2019.11.20-09.48.57:034][332]LogModuleManager: Shutting down and abandoning module LauncherChunkInstaller (66)
[2019.11.20-09.48.57:034][332]LogModuleManager: Shutting down and abandoning module OnlineBlueprintSupport (64)
[2019.11.20-09.48.57:034][332]LogModuleManager: Shutting down and abandoning module OnlineSubsystem (60)
[2019.11.20-09.48.57:035][332]LogModuleManager: Shutting down and abandoning module XMPP (55)
[2019.11.20-09.48.57:035][332]LogModuleManager: Shutting down and abandoning module WebSockets (54)
[2019.11.20-09.48.57:044][332]LogModuleManager: Shutting down and abandoning module HTTP (51)
[2019.11.20-09.48.57:044][332]LogHttp: Display: Http module shutting down, but needs to wait on 1 outstanding Http requests:
[2019.11.20-09.48.57:044][332]LogHttp: Display: 	verb=[POST] url=[https://datarouter.ol.epicgames.com/datarouter/api/v1/public/data?SessionID=%7B7BA013EE-4B14-B6B2-DC45-4D92F04CE894%7D&AppID=UEEditor.Rocket.Release&AppVersion=4.22.3-7053642%2B%2B%2BUE4%2BRelease-4.22&UserID=b2549f37450d132317fc3c8dd985509a%7C%7Cdad5c1cf-3954-4b3a-964e-ce29eccc0991&AppEnvironment=datacollector-binary&UploadType=eteventstream] status=Processing
[2019.11.20-09.48.57:069][332]LogModuleManager: Shutting down and abandoning module SSL (50)
[2019.11.20-09.48.57:070][332]LogModuleManager: Shutting down and abandoning module WmfMedia (46)
[2019.11.20-09.48.57:071][332]LogModuleManager: Shutting down and abandoning module Media (45)
[2019.11.20-09.48.57:077][332]LogModuleManager: Shutting down and abandoning module MagicLeap (42)
[2019.11.20-09.48.57:077][332]LogModuleManager: Shutting down and abandoning module DatasmithContent (40)
[2019.11.20-09.48.57:077][332]LogModuleManager: Shutting down and abandoning module AnimationModifiers (38)
[2019.11.20-09.48.57:077][332]LogModuleManager: Shutting down and abandoning module PropertyEditor (37)
[2019.11.20-09.48.57:077][332]LogModuleManager: Shutting down and abandoning module AudioEditor (34)
[2019.11.20-09.48.57:078][332]LogModuleManager: Shutting down and abandoning module TextureCompressor (32)
[2019.11.20-09.48.57:078][332]LogModuleManager: Shutting down and abandoning module RenderCore (30)
[2019.11.20-09.48.57:078][332]LogModuleManager: Shutting down and abandoning module Landscape (28)
[2019.11.20-09.48.57:078][332]LogModuleManager: Shutting down and abandoning module SlateRHIRenderer (26)
[2019.11.20-09.48.57:078][332]LogModuleManager: Shutting down and abandoning module OpenGLDrv (24)
[2019.11.20-09.48.57:078][332]LogModuleManager: Shutting down and abandoning module D3D11RHI (22)
[2019.11.20-09.48.57:078][332]LogModuleManager: Shutting down and abandoning module AnimGraphRuntime (20)
[2019.11.20-09.48.57:078][332]LogModuleManager: Shutting down and abandoning module Renderer (18)
[2019.11.20-09.48.57:078][332]LogModuleManager: Shutting down and abandoning module Engine (16)
[2019.11.20-09.48.57:078][332]LogModuleManager: Shutting down and abandoning module CoreUObject (14)
[2019.11.20-09.48.57:078][332]LogModuleManager: Shutting down and abandoning module NetworkFile (12)
[2019.11.20-09.48.57:078][332]LogModuleManager: Shutting down and abandoning module CookedIterativeFile (10)
[2019.11.20-09.48.57:078][332]LogModuleManager: Shutting down and abandoning module StreamingFile (8)
[2019.11.20-09.48.57:078][332]LogModuleManager: Shutting down and abandoning module SandboxFile (6)
[2019.11.20-09.48.57:078][332]LogModuleManager: Shutting down and abandoning module PakFile (4)
[2019.11.20-09.48.57:078][332]LogModuleManager: Shutting down and abandoning module RSA (3)
[2019.11.20-09.48.57:082][332]LogExit: Exiting.
[2019.11.20-09.48.57:127][332]Log file closed, 11/20/19 09:48:57
